<?xml version="1.0" encoding="UTF-8"?>
<testsuite name="app.tileshell.ui.fluent.FluentMaterialTest" tests="11" skipped="0" failures="0" errors="0" timestamp="2026-09-26T07:40:24.953Z" hostname="pop-os" time="0.036">
  <properties/>
  <testcase name="cortanaPaneTintReadsItsMeasuredFillOverHome" classname="app.tileshell.ui.fluent.FluentMaterialTest" time="0.0"/>
  <testcase name="appListMenuBandTint" classname="app.tileshell.ui.fluent.FluentMaterialTest" time="0.0"/>
  <testcase name="sigmaFollowsHwuisRadiusConversion" classname="app.tileshell.ui.fluent.FluentMaterialTest" time="0.0"/>
  <testcase name="appListBackdropTintIsTheThemeBackground" classname="app.tileshell.ui.fluent.FluentMaterialTest" time="0.001"/>
  <testcase name="theDiagnosticsLineNamesTheReason" classname="app.tileshell.ui.fluent.FluentMaterialTest" time="0.0"/>
  <testcase name="noiseIsDeterministicPerPixel" classname="app.tileshell.ui.fluent.FluentMaterialTest" time="0.001"/>
  <testcase name="aFillDarkerThanTwentyPercentOfItsBackdropStaysSolid" classname="app.tileshell.ui.fluent.FluentMaterialTest" time="0.001"/>
  <testcase name="reminderMenuTintReadsItsMeasuredFillOverTheRemindersPage" classname="app.tileshell.ui.fluent.FluentMaterialTest" time="0.0"/>
  <testcase name="musicMenuTint" classname="app.tileshell.ui.fluent.FluentMaterialTest" time="0.0"/>
  <testcase name="noiseLevelsStayInRangeAndSpreadAsAUniformElevenLevelNoise" classname="app.tileshell.ui.fluent.FluentMaterialTest" time="0.032"/>
  <testcase name="ruleAndPrecedenceOnAllEightCombinations" classname="app.tileshell.ui.fluent.FluentMaterialTest" time="0.0"/>
  <system-out><![CDATA[]]></system-out>
  <system-err><![CDATA[]]></system-err>
</testsuite>
