<?xml version="1.0" encoding="UTF-8"?>
<testsuite name="app.tileshell.start.SingleFlightTest" tests="4" skipped="0" failures="0" errors="0" timestamp="2026-09-26T08:26:54.619Z" hostname="pop-os" time="0.045">
  <properties/>
  <testcase name="concurrentCallersForOneKeyShareOneRun" classname="app.tileshell.start.SingleFlightTest" time="0.026"/>
  <testcase name="differentKeysRunSeparately" classname="app.tileshell.start.SingleFlightTest" time="0.001"/>
  <testcase name="aCancelledCallerDoesNotCancelTheRunForTheOthers" classname="app.tileshell.start.SingleFlightTest" time="0.016"/>
  <testcase name="aFinishedRunIsNotReusedForALaterCall" classname="app.tileshell.start.SingleFlightTest" time="0.0"/>
  <system-out><![CDATA[]]></system-out>
  <system-err><![CDATA[]]></system-err>
</testsuite>
