<?xml version="1.0" encoding="UTF-8"?>
<testsuite name="app.tileshell.ui.fluent.StaticBackdropTest" tests="3" skipped="0" failures="0" errors="0" timestamp="2026-09-26T07:40:24.900Z" hostname="pop-os" time="0.051">
  <properties/>
  <testcase name="aRealFailureIsRecordedOncePerKey" classname="app.tileshell.ui.fluent.StaticBackdropTest" time="0.03"/>
  <testcase name="aCancelledBuildIsNotRecordedAndTheNextOneRuns" classname="app.tileshell.ui.fluent.StaticBackdropTest" time="0.02"/>
  <testcase name="dropForgetsAFailure" classname="app.tileshell.ui.fluent.StaticBackdropTest" time="0.0"/>
  <system-out><![CDATA[]]></system-out>
  <system-err><![CDATA[]]></system-err>
</testsuite>
