<?xml version="1.0" encoding="UTF-8"?>
<testsuite name="app.tileshell.start.QuickRulesTest" tests="23" skipped="0" failures="0" errors="0" timestamp="2026-09-24T15:50:04.649Z" hostname="pop-os" time="0.058">
  <properties/>
  <testcase name="lineLabelsNeverOverlapTheirNeighbours" classname="app.tileshell.start.QuickRulesTest" time="0.008"/>
  <testcase name="notTheHostIsCheckedBeforeTheQuery" classname="app.tileshell.start.QuickRulesTest" time="0.001"/>
  <testcase name="guardTurnsAnyExceptionIntoItsFailureValue" classname="app.tileshell.start.QuickRulesTest" time="0.005"/>
  <testcase name="aThrowingQueryIsCaughtAndBecomesTheReason" classname="app.tileshell.start.QuickRulesTest" time="0.001"/>
  <testcase name="emptyIsNoShortcutsWithAZeroLine" classname="app.tileshell.start.QuickRulesTest" time="0.008"/>
  <testcase name="aBottomRowTileAlwaysTakesTheLineAboveInsideTheMargins" classname="app.tileshell.start.QuickRulesTest" time="0.004"/>
  <testcase name="manifestBeforeDynamicWhateverTheRanks" classname="app.tileshell.start.QuickRulesTest" time="0.006"/>
  <testcase name="topLeftTileTakesTheLineBelowWithLabelsBelow" classname="app.tileshell.start.QuickRulesTest" time="0.0"/>
  <testcase name="showLogsTheExactLineE1Asserts" classname="app.tileshell.start.QuickRulesTest" time="0.007"/>
  <testcase name="aFullWidthWideTileMidGridKeepsAClampedCorner" classname="app.tileshell.start.QuickRulesTest" time="0.0"/>
  <testcase name="equalRanksBreakTiesById" classname="app.tileshell.start.QuickRulesTest" time="0.0"/>
  <testcase name="guardLetsCancellationThrough" classname="app.tileshell.start.QuickRulesTest" time="0.001"/>
  <testcase name="aQuietProfileIsNeverQueried" classname="app.tileshell.start.QuickRulesTest" time="0.0"/>
  <testcase name="cornerArrangementSitsDiagonallyOutsideEachCornerAtTheStandOff" classname="app.tileshell.start.QuickRulesTest" time="0.0"/>
  <testcase name="aFullWidthWideTileInTheFirstRowTakesALine" classname="app.tileshell.start.QuickRulesTest" time="0.001"/>
  <testcase name="alphaAndScaleRideTheFirstHalf" classname="app.tileshell.start.QuickRulesTest" time="0.0"/>
  <testcase name="openMatchesTheDocsFingerprint" classname="app.tileshell.start.QuickRulesTest" time="0.011"/>
  <testcase name="theThreeStartFailuresBecomeFailed" classname="app.tileshell.start.QuickRulesTest" time="0.002"/>
  <testcase name="fixtureAShowsItsFirstFourByRank" classname="app.tileshell.start.QuickRulesTest" time="0.0"/>
  <testcase name="closeIsGoneAtTheHalfway" classname="app.tileshell.start.QuickRulesTest" time="0.0"/>
  <testcase name="anythingElseIsNotSwallowed" classname="app.tileshell.start.QuickRulesTest" time="0.0"/>
  <testcase name="disabledShortcutsAreNeverShown" classname="app.tileshell.start.QuickRulesTest" time="0.0"/>
  <testcase name="fewerThanFourFillTopLeftFirst" classname="app.tileshell.start.QuickRulesTest" time="0.0"/>
  <system-out><![CDATA[]]></system-out>
  <system-err><![CDATA[]]></system-err>
</testsuite>
