<?xml version="1.0" encoding="UTF-8"?>
<testsuite name="app.tileshell.cortana.SessionResultRegistryTest" tests="7" skipped="0" failures="0" errors="0" timestamp="2026-09-25T22:34:55.453Z" hostname="pop-os" time="0.011">
  <properties/>
  <testcase name="a launch goes out, then Tess steps aside, and nothing comes back yet" classname="app.tileshell.cortana.SessionResultRegistryTest" time="0.007"/>
  <testcase name="the result brings Tess back, then reaches the launcher that asked" classname="app.tileshell.cortana.SessionResultRegistryTest" time="0.0"/>
  <testcase name="a contract with a synchronous result never leaves the window" classname="app.tileshell.cortana.SessionResultRegistryTest" time="0.001"/>
  <testcase name="a closed session forgets what it was waiting for" classname="app.tileshell.cortana.SessionResultRegistryTest" time="0.0"/>
  <testcase name="the bridge delivers a result once, to the request code that asked" classname="app.tileshell.cortana.SessionResultRegistryTest" time="0.001"/>
  <testcase name="a launch that cannot go out is cancelled at once and Tess never steps aside" classname="app.tileshell.cortana.SessionResultRegistryTest" time="0.001"/>
  <testcase name="Back from the picker is a cancelled result and Tess comes back unchanged" classname="app.tileshell.cortana.SessionResultRegistryTest" time="0.001"/>
  <system-out><![CDATA[]]></system-out>
  <system-err><![CDATA[]]></system-err>
</testsuite>
