<?xml version="1.0" encoding="UTF-8"?>
<testsuite name="app.tileshell.cortana.ReminderPhotosTest" tests="5" skipped="0" failures="0" errors="0" timestamp="2026-09-25T22:34:55.421Z" hostname="pop-os" time="0.029">
  <properties/>
  <testcase name="nothing outside the folder is a copy" classname="app.tileshell.cortana.ReminderPhotosTest" time="0.011"/>
  <testcase name="release deletes a copy and nothing else" classname="app.tileshell.cortana.ReminderPhotosTest" time="0.002"/>
  <testcase name="the sweep deletes the copies no reminder references and keeps the rest" classname="app.tileshell.cortana.ReminderPhotosTest" time="0.013"/>
  <testcase name="a copy's uri names its file in the folder" classname="app.tileshell.cortana.ReminderPhotosTest" time="0.0"/>
  <testcase name="a sweep with no folder yet does nothing" classname="app.tileshell.cortana.ReminderPhotosTest" time="0.001"/>
  <system-out><![CDATA[]]></system-out>
  <system-err><![CDATA[]]></system-err>
</testsuite>
