<?xml version="1.0" encoding="UTF-8"?>
<testsuite name="app.tileshell.cortana.speech.SpeechErrorSpeakableTest" tests="3" skipped="0" failures="0" errors="0" timestamp="2026-09-24T19:44:46.141Z" hostname="pop-os" time="0.0">
  <properties/>
  <testcase name="microphone faults are still spoken" classname="app.tileshell.cortana.speech.SpeechErrorSpeakableTest" time="0.0"/>
  <testcase name="an unknown code stays speakable" classname="app.tileshell.cortana.speech.SpeechErrorSpeakableTest" time="0.0"/>
  <testcase name="a broken engine is never asked to announce itself" classname="app.tileshell.cortana.speech.SpeechErrorSpeakableTest" time="0.0"/>
  <system-out><![CDATA[]]></system-out>
  <system-err><![CDATA[]]></system-err>
</testsuite>
