<?xml version="1.0" encoding="UTF-8"?>
<testsuite name="app.tileshell.cortana.ui.CortanaValuesTest" tests="13" skipped="0" failures="0" errors="0" timestamp="2026-09-24T23:14:36.338Z" hostname="pop-os" time="0.001">
  <properties/>
  <testcase name="a disabled app bar button is about half as bright as an enabled one" classname="app.tileshell.cortana.ui.CortanaValuesTest" time="0.0"/>
  <testcase name="menu values match R7 §3_6" classname="app.tileshell.cortana.ui.CortanaValuesTest" time="0.0"/>
  <testcase name="the menu's padding is what its measured outer height leaves" classname="app.tileshell.cortana.ui.CortanaValuesTest" time="0.0"/>
  <testcase name="the 20-epx type step gives the measured title cap height" classname="app.tileshell.cortana.ui.CortanaValuesTest" time="0.0"/>
  <testcase name="header values match R7 §3_3_2" classname="app.tileshell.cortana.ui.CortanaValuesTest" time="0.0"/>
  <testcase name="pane values match R7 §3_1" classname="app.tileshell.cortana.ui.CortanaValuesTest" time="0.0"/>
  <testcase name="the field pitch is consistent with the measured field tops" classname="app.tileshell.cortana.ui.CortanaValuesTest" time="0.0"/>
  <testcase name="the reminder page photo reproduces its measured box" classname="app.tileshell.cortana.ui.CortanaValuesTest" time="0.0"/>
  <testcase name="list values match R7 §3_5" classname="app.tileshell.cortana.ui.CortanaValuesTest" time="0.0"/>
  <testcase name="the Feedback slot is left empty exactly 48 epx below Settings" classname="app.tileshell.cortana.ui.CortanaValuesTest" time="0.0"/>
  <testcase name="transition values match R7 §3_2" classname="app.tileshell.cortana.ui.CortanaValuesTest" time="0.0"/>
  <testcase name="the more button sits flush right with its dots 24 epx in" classname="app.tileshell.cortana.ui.CortanaValuesTest" time="0.0"/>
  <testcase name="reminder page values match R7 §3_7" classname="app.tileshell.cortana.ui.CortanaValuesTest" time="0.0"/>
  <system-out><![CDATA[]]></system-out>
  <system-err><![CDATA[]]></system-err>
</testsuite>
