<?xml version="1.0" encoding="UTF-8"?>
<testsuite name="app.tileshell.cortana.LockGateTest" tests="4" skipped="0" failures="0" errors="0" timestamp="2026-09-24T19:44:46.113Z" hostname="pop-os" time="0.001">
  <properties/>
  <testcase name="show Unlock to continue while locked" classname="app.tileshell.cortana.LockGateTest" time="0.0"/>
  <testcase name="run directly while locked" classname="app.tileshell.cortana.LockGateTest" time="0.0"/>
  <testcase name="an answer to a card that is already showing is not itself gated" classname="app.tileshell.cortana.LockGateTest" time="0.001"/>
  <testcase name="the card restates the request it is holding" classname="app.tileshell.cortana.LockGateTest" time="0.0"/>
  <system-out><![CDATA[]]></system-out>
  <system-err><![CDATA[]]></system-err>
</testsuite>
