<?xml version="1.0" encoding="UTF-8"?>
<testsuite name="app.tileshell.ime.engine.SwipeDecoderTest" tests="10" skipped="0" failures="0" errors="0" timestamp="2026-09-24T23:14:37.154Z" hostname="pop-os" time="0.119">
  <properties/>
  <testcase name="a very fast swipe with only the corners sampled still decodes" classname="app.tileshell.ime.engine.SwipeDecoderTest" time="0.001"/>
  <testcase name="results are capped and carry no duplicates" classname="app.tileshell.ime.engine.SwipeDecoderTest" time="0.0"/>
  <testcase name="double-letter words decode from a path that visits the key once" classname="app.tileshell.ime.engine.SwipeDecoderTest" time="0.0"/>
  <testcase name="a swipe that fits two words offers both, commonest first" classname="app.tileshell.ime.engine.SwipeDecoderTest" time="0.0"/>
  <testcase name="degenerate paths are sane" classname="app.tileshell.ime.engine.SwipeDecoderTest" time="0.0"/>
  <testcase name="a learned word can be swiped" classname="app.tileshell.ime.engine.SwipeDecoderTest" time="0.001"/>
  <testcase name="a swipe over a non-dictionary word returns the nearest real words, not nothing and not a throw" classname="app.tileshell.ime.engine.SwipeDecoderTest" time="0.0"/>
  <testcase name="a noisier swipe still ranks the word first for nearly every word" classname="app.tileshell.ime.engine.SwipeDecoderTest" time="0.002"/>
  <testcase name="a lift decodes in under 100 ms on a 150k lexicon" classname="app.tileshell.ime.engine.SwipeDecoderTest" time="0.115"/>
  <testcase name="a realistic swipe over each of fifty common words ranks that word first" classname="app.tileshell.ime.engine.SwipeDecoderTest" time="0.0"/>
  <system-out><![CDATA[TIMING decode 150k: worst 0.64 ms, per probe [0.46, 0.02, 0.64, 0.35, 0.16, 0.03, 0.15, 0.18, 0.03, 0.08]
]]></system-out>
  <system-err><![CDATA[]]></system-err>
</testsuite>
