<?xml version="1.0" encoding="UTF-8"?>
<testsuite name="app.tileshell.cortana.ContactsNearMatchTest" tests="7" skipped="0" failures="0" errors="0" timestamp="2026-09-24T23:14:36.270Z" hostname="pop-os" time="0.003">
  <properties/>
  <testcase name="a different real name on the same phone is not swallowed" classname="app.tileshell.cortana.ContactsNearMatchTest" time="0.002"/>
  <testcase name="an ambiguous near-miss is refused rather than guessed" classname="app.tileshell.cortana.ContactsNearMatchTest" time="0.0"/>
  <testcase name="an exact name is its own nearest" classname="app.tileshell.cortana.ContactsNearMatchTest" time="0.0"/>
  <testcase name="nothing to match against" classname="app.tileshell.cortana.ContactsNearMatchTest" time="0.0"/>
  <testcase name="a name that is nothing like a contact is refused" classname="app.tileshell.cortana.ContactsNearMatchTest" time="0.001"/>
  <testcase name="similarity is a real ratio" classname="app.tileshell.cortana.ContactsNearMatchTest" time="0.0"/>
  <testcase name="the misrecognitions this build actually produces" classname="app.tileshell.cortana.ContactsNearMatchTest" time="0.0"/>
  <system-out><![CDATA[]]></system-out>
  <system-err><![CDATA[]]></system-err>
</testsuite>
