<?xml version="1.0" encoding="UTF-8"?>
<testsuite name="app.tileshell.cortana.ui.CortanaFadeTest" tests="7" skipped="0" failures="0" errors="0" timestamp="2026-09-24T23:14:36.335Z" hostname="pop-os" time="0.002">
  <properties/>
  <testcase name="the curve eases OUT, so it is past halfway before half the time" classname="app.tileshell.cortana.ui.CortanaFadeTest" time="0.001"/>
  <testcase name="the pane's accent fill lands one frame before the blackout" classname="app.tileshell.cortana.ui.CortanaFadeTest" time="0.0"/>
  <testcase name="the fade is monotonic and reaches full brightness at the end" classname="app.tileshell.cortana.ui.CortanaFadeTest" time="0.001"/>
  <testcase name="the ease-out helper is clamped at both ends" classname="app.tileshell.cortana.ui.CortanaFadeTest" time="0.0"/>
  <testcase name="the screen is fully black for the whole hold and not a frame longer" classname="app.tileshell.cortana.ui.CortanaFadeTest" time="0.0"/>
  <testcase name="the fade's first frame is already 40 to 60 percent bright" classname="app.tileshell.cortana.ui.CortanaFadeTest" time="0.0"/>
  <testcase name="the black hold and the fade land inside R7's measured windows" classname="app.tileshell.cortana.ui.CortanaFadeTest" time="0.0"/>
  <system-out><![CDATA[]]></system-out>
  <system-err><![CDATA[]]></system-err>
</testsuite>
