<?xml version="1.0" encoding="UTF-8"?>
<testsuite name="app.tileshell.ime.engine.RealDictionarySmokeTest" tests="1" skipped="0" failures="0" errors="0" timestamp="2026-09-24T23:14:36.730Z" hostname="pop-os" time="0.197">
  <properties/>
  <testcase name="the real TSV loads fast and the engines answer on it" classname="app.tileshell.ime.engine.RealDictionarySmokeTest" time="0.197"/>
  <system-out><![CDATA[TIMING real en_US.tsv (122352 words): load 44 ms, suggest worst 0.44 ms, swipe index 73 ms, decode worst 1.13 ms, mis-decoded []
]]></system-out>
  <system-err><![CDATA[]]></system-err>
</testsuite>
