<?xml version="1.0" encoding="UTF-8"?>
<testsuite name="app.tileshell.applist.AppIndexTest" tests="8" skipped="0" failures="0" errors="0" timestamp="2026-09-24T19:44:45.999Z" hostname="pop-os" time="0.06">
  <properties/>
  <testcase name="letterOfUsesBaseLatinLetterElseHash" classname="app.tileshell.applist.AppIndexTest" time="0.032"/>
  <testcase name="normalizeFoldsCaseAndAccents" classname="app.tileshell.applist.AppIndexTest" time="0.0"/>
  <testcase name="manyAppsUnderOneLetterStaySortedAndComplete" classname="app.tileshell.applist.AppIndexTest" time="0.022"/>
  <testcase name="nonLatinSearchMatches" classname="app.tileshell.applist.AppIndexTest" time="0.001"/>
  <testcase name="searchIsCaseAndAccentInsensitiveAndRanked" classname="app.tileshell.applist.AppIndexTest" time="0.002"/>
  <testcase name="rankPrefersNamePrefixThenWordPrefixThenAnywhere" classname="app.tileshell.applist.AppIndexTest" time="0.0"/>
  <testcase name="searchMatchesNonLatinLabels" classname="app.tileshell.applist.AppIndexTest" time="0.001"/>
  <testcase name="groupsAreHashFirstThenLettersWithNoRecentlyAddedGroup" classname="app.tileshell.applist.AppIndexTest" time="0.0"/>
  <system-out><![CDATA[]]></system-out>
  <system-err><![CDATA[]]></system-err>
</testsuite>
