<?xml version="1.0" encoding="UTF-8"?>
<testsuite name="app.tileshell.cortana.speech.VoicesTest" tests="9" skipped="0" failures="0" errors="0" timestamp="2026-09-24T19:44:46.142Z" hostname="pop-os" time="0.011">
  <properties/>
  <testcase name="no field can contain the separator or a newline" classname="app.tileshell.cortana.speech.VoicesTest" time="0.008"/>
  <testcase name="the launcher's default voice is one this table offers" classname="app.tileshell.cortana.speech.VoicesTest" time="0.0"/>
  <testcase name="a model with fewer speakers than the table offers only the ids it has" classname="app.tileshell.cortana.speech.VoicesTest" time="0.003"/>
  <testcase name="the parser drops a malformed line instead of the whole table" classname="app.tileshell.cortana.speech.VoicesTest" time="0.0"/>
  <testcase name="ids are the model's own - contiguous from zero, in order" classname="app.tileshell.cortana.speech.VoicesTest" time="0.0"/>
  <testcase name="the eleven bundled voices survive the trip through SpeechClient's parser" classname="app.tileshell.cortana.speech.VoicesTest" time="0.0"/>
  <testcase name="a model reporting more speakers than the table names offers only the named ones" classname="app.tileshell.cortana.speech.VoicesTest" time="0.0"/>
  <testcase name="a model reporting no speakers offers nothing rather than a voice that cannot speak" classname="app.tileshell.cortana.speech.VoicesTest" time="0.0"/>
  <testcase name="the emitted format is exactly id-pipe-name-pipe-description" classname="app.tileshell.cortana.speech.VoicesTest" time="0.0"/>
  <system-out><![CDATA[]]></system-out>
  <system-err><![CDATA[]]></system-err>
</testsuite>
