<?xml version="1.0" encoding="UTF-8"?>
<testsuite name="app.tileshell.ui.motion.MotionTest" tests="3" skipped="0" failures="0" errors="0" timestamp="2026-09-24T23:14:37.442Z" hostname="pop-os" time="0.0">
  <properties/>
  <testcase name="entranceFadeStartsAtTheFirstMeasuredGain" classname="app.tileshell.ui.motion.MotionTest" time="0.0"/>
  <testcase name="entranceFadeCompletesAt217Ms" classname="app.tileshell.ui.motion.MotionTest" time="0.0"/>
  <testcase name="entranceScaleKeepsOneMeasuredValuePerFrame" classname="app.tileshell.ui.motion.MotionTest" time="0.0"/>
  <system-out><![CDATA[]]></system-out>
  <system-err><![CDATA[]]></system-err>
</testsuite>
