<?xml version="1.0" encoding="UTF-8"?>
<testsuite name="app.tileshell.ime.WordBeforeCaretTest" tests="2" skipped="0" failures="0" errors="0" timestamp="2026-09-24T23:14:36.379Z" hostname="pop-os" time="0.001">
  <properties/>
  <testcase name="a run that fills the whole read window is not a word (EDGE1 run 2)" classname="app.tileshell.ime.WordBeforeCaretTest" time="0.001"/>
  <testcase name="the letters after the last separator" classname="app.tileshell.ime.WordBeforeCaretTest" time="0.0"/>
  <system-out><![CDATA[]]></system-out>
  <system-err><![CDATA[]]></system-err>
</testsuite>
