<?xml version="1.0" encoding="UTF-8"?>
<testsuite name="app.tileshell.tiles.LayoutOpsTest" tests="19" skipped="0" failures="0" errors="0" timestamp="2026-09-24T19:44:47.185Z" hostname="pop-os" time="0.001">
  <properties/>
  <testcase name="moving a folder tile into the bottom row keeps its folder" classname="app.tileshell.tiles.LayoutOpsTest" time="0.0"/>
  <testcase name="a folder is created in the target's place at the target's size" classname="app.tileshell.tiles.LayoutOpsTest" time="0.0"/>
  <testcase name="a tile taken out of a folder into the grid keeps the folder alive when three members remain" classname="app.tileshell.tiles.LayoutOpsTest" time="0.0"/>
  <testcase name="a pin lands at the end of the grid" classname="app.tileshell.tiles.LayoutOpsTest" time="0.0"/>
  <testcase name="unpinning one of a two-tile folder leaves the other tile in the folder's place" classname="app.tileshell.tiles.LayoutOpsTest" time="0.0"/>
  <testcase name="adding a fourth member appends it" classname="app.tileshell.tiles.LayoutOpsTest" time="0.0"/>
  <testcase name="a folder dropped on a folder never nests" classname="app.tileshell.tiles.LayoutOpsTest" time="0.0"/>
  <testcase name="a drop onto a full bottom tile row is refused" classname="app.tileshell.tiles.LayoutOpsTest" time="0.0"/>
  <testcase name="uninstalling an app inside a folder dissolves a folder left with one tile" classname="app.tileshell.tiles.LayoutOpsTest" time="0.0"/>
  <testcase name="turning show more tiles off moves the row's overflow to the end of the grid" classname="app.tileshell.tiles.LayoutOpsTest" time="0.0"/>
  <testcase name="an update keeps the tiles - only a removal drops them" classname="app.tileshell.tiles.LayoutOpsTest" time="0.0"/>
  <testcase name="pinning an app already on Start adds nothing" classname="app.tileshell.tiles.LayoutOpsTest" time="0.0"/>
  <testcase name="renaming a folder trims, and a blank name clears it back to the placeholder" classname="app.tileshell.tiles.LayoutOpsTest" time="0.0"/>
  <testcase name="moving a folder tile keeps its folder and its members" classname="app.tileshell.tiles.LayoutOpsTest" time="0.001"/>
  <testcase name="resize reaches a tile inside a folder too" classname="app.tileshell.tiles.LayoutOpsTest" time="0.0"/>
  <testcase name="a tile dragged into the row leaves the grid, and back out leaves the row" classname="app.tileshell.tiles.LayoutOpsTest" time="0.0"/>
  <testcase name="the resize cycle is medium then small then wide" classname="app.tileshell.tiles.LayoutOpsTest" time="0.0"/>
  <testcase name="unpinning a folder tile takes the folder with it" classname="app.tileshell.tiles.LayoutOpsTest" time="0.0"/>
  <testcase name="uninstalling takes the app's tiles out of the grid, the row and its secondary tiles" classname="app.tileshell.tiles.LayoutOpsTest" time="0.0"/>
  <system-out><![CDATA[]]></system-out>
  <system-err><![CDATA[]]></system-err>
</testsuite>
