<?xml version="1.0" encoding="UTF-8"?>
<testsuite name="app.tileshell.music.SleepTimerTest" tests="11" skipped="0" failures="0" errors="0" timestamp="2026-09-24T23:14:37.298Z" hostname="pop-os" time="0.001">
  <properties/>
  <testcase name="off and end-of-track arm no deadline, because neither is a time" classname="app.tileshell.music.SleepTimerTest" time="0.0"/>
  <testcase name="a name that is nothing but padding still gets something to show, by position" classname="app.tileshell.music.SleepTimerTest" time="0.0"/>
  <testcase name="minutes left round UP, so a running timer never claims zero" classname="app.tileshell.music.SleepTimerTest" time="0.001"/>
  <testcase name="the menu entry says what the timer is doing" classname="app.tileshell.music.SleepTimerTest" time="0.0"/>
  <testcase name="the choices are the quarter hours and the end of the track" classname="app.tileshell.music.SleepTimerTest" time="0.0"/>
  <testcase name="a deadline that has passed has no minutes left" classname="app.tileshell.music.SleepTimerTest" time="0.0"/>
  <testcase name="a clean name is left alone apart from surrounding space" classname="app.tileshell.music.SleepTimerTest" time="0.0"/>
  <testcase name="the equaliser entry names the preset in use, or says off" classname="app.tileshell.music.SleepTimerTest" time="0.0"/>
  <testcase name="a preset name padded with NULs is cut at the first one" classname="app.tileshell.music.SleepTimerTest" time="0.0"/>
  <testcase name="an expired deadline reads as no timer rather than as zero minutes" classname="app.tileshell.music.SleepTimerTest" time="0.0"/>
  <testcase name="a minutes choice arms a deadline that many minutes out on the same clock" classname="app.tileshell.music.SleepTimerTest" time="0.0"/>
  <system-out><![CDATA[]]></system-out>
  <system-err><![CDATA[]]></system-err>
</testsuite>
