<?xml version="1.0" encoding="UTF-8"?>
<testsuite name="app.tileshell.feeds.MusicRulesTest" tests="18" skipped="0" failures="0" errors="0" timestamp="2026-09-24T23:14:36.357Z" hostname="pop-os" time="0.005">
  <properties/>
  <testcase name="nothing to nothing publishes nothing" classname="app.tileshell.feeds.MusicRulesTest" time="0.001"/>
  <testcase name="nothing known at all leaves the tile as its logo" classname="app.tileshell.feeds.MusicRulesTest" time="0.0"/>
  <testcase name="not playing flips the last track behind the logo, with no controls and no growth" classname="app.tileshell.feeds.MusicRulesTest" time="0.0"/>
  <testcase name="a stall mid-song does not shrink the tile" classname="app.tileshell.feeds.MusicRulesTest" time="0.0"/>
  <testcase name="starting, pausing and stopping each republish" classname="app.tileshell.feeds.MusicRulesTest" time="0.0"/>
  <testcase name="playing puts the player on the front of the tile, with controls, and grows it" classname="app.tileshell.feeds.MusicRulesTest" time="0.0"/>
  <testcase name="playing and buffering both count as playing" classname="app.tileshell.feeds.MusicRulesTest" time="0.0"/>
  <testcase name="an idle tile carries no tap targets, so a tap on it launches the app as it always did" classname="app.tileshell.feeds.MusicRulesTest" time="0.0"/>
  <testcase name="a position tick does not even change the art" classname="app.tileshell.feeds.MusicRulesTest" time="0.0"/>
  <testcase name="the same song three seconds later publishes nothing" classname="app.tileshell.feeds.MusicRulesTest" time="0.0"/>
  <testcase name="a new track republishes" classname="app.tileshell.feeds.MusicRulesTest" time="0.0"/>
  <testcase name="with nothing playing the most recent session is followed" classname="app.tileshell.feeds.MusicRulesTest" time="0.0"/>
  <testcase name="no sessions at all is not an error" classname="app.tileshell.feeds.MusicRulesTest" time="0.001"/>
  <testcase name="a playing session wins over a paused one, whatever order they arrive in" classname="app.tileshell.feeds.MusicRulesTest" time="0.0"/>
  <testcase name="the art is re-read only when the track changes" classname="app.tileshell.feeds.MusicRulesTest" time="0.0"/>
  <testcase name="only playing grows the tile" classname="app.tileshell.feeds.MusicRulesTest" time="0.0"/>
  <testcase name="the tile is never both the player and a flipping tile" classname="app.tileshell.feeds.MusicRulesTest" time="0.003"/>
  <testcase name="paused, stopped and none do not" classname="app.tileshell.feeds.MusicRulesTest" time="0.0"/>
  <system-out><![CDATA[]]></system-out>
  <system-err><![CDATA[]]></system-err>
</testsuite>
