<?xml version="1.0" encoding="UTF-8"?>
<testsuite name="app.tileshell.applist.AppSectionsTest" tests="14" skipped="0" failures="0" errors="0" timestamp="2026-09-24T19:44:46.061Z" hostname="pop-os" time="0.009">
  <properties/>
  <testcase name="the counts are the ones Jeremy asked for" classname="app.tileshell.applist.AppSectionsTest" time="0.0"/>
  <testcase name="an app last run BEFORE this boot is not running" classname="app.tileshell.applist.AppSectionsTest" time="0.004"/>
  <testcase name="the three most recently installed come back, newest first" classname="app.tileshell.applist.AppSectionsTest" time="0.002"/>
  <testcase name="no usage records at all means no section" classname="app.tileshell.applist.AppSectionsTest" time="0.001"/>
  <testcase name="fewer than three running apps gives a shorter section, never padding" classname="app.tileshell.applist.AppSectionsTest" time="0.0"/>
  <testcase name="two apps used in the same millisecond keep a stable order" classname="app.tileshell.applist.AppSectionsTest" time="0.0"/>
  <testcase name="an empty list is not a special case" classname="app.tileshell.applist.AppSectionsTest" time="0.0"/>
  <testcase name="nothing run since boot means no section at all" classname="app.tileshell.applist.AppSectionsTest" time="0.001"/>
  <testcase name="an app run at the very instant of boot counts" classname="app.tileshell.applist.AppSectionsTest" time="0.0"/>
  <testcase name="two apps installed in the same millisecond keep a stable order" classname="app.tileshell.applist.AppSectionsTest" time="0.0"/>
  <testcase name="an app with no install time is left out rather than looking newest or oldest" classname="app.tileshell.applist.AppSectionsTest" time="0.0"/>
  <testcase name="an app that has never been run is left out, not sorted to the bottom" classname="app.tileshell.applist.AppSectionsTest" time="0.0"/>
  <testcase name="a usage record for an app that is not installed is ignored" classname="app.tileshell.applist.AppSectionsTest" time="0.0"/>
  <testcase name="the three most recently run since boot come back, most recent first" classname="app.tileshell.applist.AppSectionsTest" time="0.001"/>
  <system-out><![CDATA[]]></system-out>
  <system-err><![CDATA[]]></system-err>
</testsuite>
