<?xml version="1.0" encoding="UTF-8"?>
<testsuite name="app.tileshell.music.NowPlayingTest" tests="10" skipped="0" failures="0" errors="0" timestamp="2026-09-24T19:44:47.125Z" hostname="pop-os" time="0.002">
  <properties/>
  <testcase name="at the very start the centre sits one radius in, never overhanging the track" classname="app.tileshell.music.NowPlayingTest" time="0.001"/>
  <testcase name="the labels read the way R8's do" classname="app.tileshell.music.NowPlayingTest" time="0.001"/>
  <testcase name="R8's own G1 prediction - 0 colon 20 of 5 colon 53 puts the thumb centre at 69 point 15 epx" classname="app.tileshell.music.NowPlayingTest" time="0.0"/>
  <testcase name="halfway is the middle of the TRAVEL, not the middle of the track" classname="app.tileshell.music.NowPlayingTest" time="0.0"/>
  <testcase name="a position past the end is clamped rather than run off the track" classname="app.tileshell.music.NowPlayingTest" time="0.0"/>
  <testcase name="at the very end it sits one radius short of the right end, for the same reason" classname="app.tileshell.music.NowPlayingTest" time="0.0"/>
  <testcase name="a track with no length at all does not divide by zero" classname="app.tileshell.music.NowPlayingTest" time="0.0"/>
  <testcase name="a track whose duration is not known yet parks the thumb at the start" classname="app.tileshell.music.NowPlayingTest" time="0.0"/>
  <testcase name="seconds are always two digits, and minutes are not padded" classname="app.tileshell.music.NowPlayingTest" time="0.0"/>
  <testcase name="an unknown duration reads as zero rather than as a negative clock" classname="app.tileshell.music.NowPlayingTest" time="0.0"/>
  <system-out><![CDATA[]]></system-out>
  <system-err><![CDATA[]]></system-err>
</testsuite>
