<?xml version="1.0" encoding="UTF-8"?>
<testsuite name="app.tileshell.music.MusicGroupingTest" tests="10" skipped="0" failures="0" errors="0" timestamp="2026-09-24T23:14:37.286Z" hostname="pop-os" time="0.0">
  <properties/>
  <testcase name="a phone with no audio produces empty pivots rather than anything to crash on" classname="app.tileshell.music.MusicGroupingTest" time="0.0"/>
  <testcase name="an artist on a compilation sees only their own track on it" classname="app.tileshell.music.MusicGroupingTest" time="0.0"/>
  <testcase name="albums group by id, not by name, because two albums can share a title" classname="app.tileshell.music.MusicGroupingTest" time="0.0"/>
  <testcase name="an album whose tracks disagree about the artist is a compilation" classname="app.tileshell.music.MusicGroupingTest" time="0.0"/>
  <testcase name="MediaStore's unknown markers become something a person can read" classname="app.tileshell.music.MusicGroupingTest" time="0.0"/>
  <testcase name="a real value is kept, and trimmed" classname="app.tileshell.music.MusicGroupingTest" time="0.0"/>
  <testcase name="songs sort A-Z ignoring case" classname="app.tileshell.music.MusicGroupingTest" time="0.0"/>
  <testcase name="artists group by name and carry their albums" classname="app.tileshell.music.MusicGroupingTest" time="0.0"/>
  <testcase name="an album's tracks come back sorted" classname="app.tileshell.music.MusicGroupingTest" time="0.0"/>
  <testcase name="an album whose tracks agree keeps that artist" classname="app.tileshell.music.MusicGroupingTest" time="0.0"/>
  <system-out><![CDATA[]]></system-out>
  <system-err><![CDATA[]]></system-err>
</testsuite>
