<?xml version="1.0" encoding="UTF-8"?>
<testsuite name="app.tileshell.cortana.ui.LensTest" tests="7" skipped="0" failures="0" errors="0" timestamp="2026-09-24T19:44:46.165Z" hostname="pop-os" time="0.01">
  <properties/>
  <testcase name="a tap after the window starts the count again" classname="app.tileshell.cortana.ui.LensTest" time="0.0"/>
  <testcase name="the reveal fades in, holds Cortana, and fades out" classname="app.tileshell.cortana.ui.LensTest" time="0.0"/>
  <testcase name="two taps never open it" classname="app.tileshell.cortana.ui.LensTest" time="0.0"/>
  <testcase name="every lens tone but the core sits on one hue line, so a colour search finds the whole lens" classname="app.tileshell.cortana.ui.LensTest" time="0.005"/>
  <testcase name="three taps inside the window open the lens" classname="app.tileshell.cortana.ui.LensTest" time="0.0"/>
  <testcase name="the halo stays below the score the disc measurement cuts at" classname="app.tileshell.cortana.ui.LensTest" time="0.0"/>
  <testcase name="a full reveal is the pre-HAL drawing - every lens tone becomes the flat accent" classname="app.tileshell.cortana.ui.LensTest" time="0.005"/>
  <system-out><![CDATA[]]></system-out>
  <system-err><![CDATA[]]></system-err>
</testsuite>
