<?xml version="1.0" encoding="UTF-8"?>
<testsuite name="app.tileshell.ime.engine.ShiftStateTest" tests="10" skipped="0" failures="0" errors="0" timestamp="2026-09-24T23:14:36.928Z" hostname="pop-os" time="0.001">
  <properties/>
  <testcase name="a second tap within 300 ms locks caps" classname="app.tileshell.ime.engine.ShiftStateTest" time="0.001"/>
  <testcase name="one tap shifts the next letter only" classname="app.tileshell.ime.engine.ShiftStateTest" time="0.0"/>
  <testcase name="a tap after auto-capitalisation lowers the case, and a second quick tap still locks" classname="app.tileshell.ime.engine.ShiftStateTest" time="0.0"/>
  <testcase name="exactly 300 ms still locks, 301 ms does not" classname="app.tileshell.ime.engine.ShiftStateTest" time="0.0"/>
  <testcase name="two taps 500 ms apart do not lock, they cancel the one-shot" classname="app.tileshell.ime.engine.ShiftStateTest" time="0.0"/>
  <testcase name="tapping shift again ends caps lock" classname="app.tileshell.ime.engine.ShiftStateTest" time="0.0"/>
  <testcase name="a letter between two taps breaks the double tap" classname="app.tileshell.ime.engine.ShiftStateTest" time="0.0"/>
  <testcase name="the double-tap timeout is the platform's, passed in" classname="app.tileshell.ime.engine.ShiftStateTest" time="0.0"/>
  <testcase name="switching fields resets everything, caps lock included" classname="app.tileshell.ime.engine.ShiftStateTest" time="0.0"/>
  <testcase name="auto-capitalisation arms a one-shot without disturbing caps lock" classname="app.tileshell.ime.engine.ShiftStateTest" time="0.0"/>
  <system-out><![CDATA[]]></system-out>
  <system-err><![CDATA[]]></system-err>
</testsuite>
