<?xml version="1.0" encoding="UTF-8"?>
<testsuite name="app.tileshell.ime.FieldInfoTest" tests="7" skipped="0" failures="0" errors="0" timestamp="2026-09-24T23:14:36.365Z" hostname="pop-os" time="0.006">
  <properties/>
  <testcase name="IME_FLAG_NO_ENTER_ACTION means Enter is a newline, not the action" classname="app.tileshell.ime.FieldInfoTest" time="0.001"/>
  <testcase name="password fields never learn and never swipe" classname="app.tileshell.ime.FieldInfoTest" time="0.003"/>
  <testcase name="phone fields open on the keypad and number fields on the digits page" classname="app.tileshell.ime.FieldInfoTest" time="0.001"/>
  <testcase name="suggestions are off in password, textNoSuggestions and digit fields, on in URL and email" classname="app.tileshell.ime.FieldInfoTest" time="0.0"/>
  <testcase name="field kinds come from the class and variation" classname="app.tileshell.ime.FieldInfoTest" time="0.0"/>
  <testcase name="the capitalisation flags are read" classname="app.tileshell.ime.FieldInfoTest" time="0.0"/>
  <testcase name="each imeOptions action maps to the Enter key's action" classname="app.tileshell.ime.FieldInfoTest" time="0.0"/>
  <system-out><![CDATA[]]></system-out>
  <system-err><![CDATA[]]></system-err>
</testsuite>
