<?xml version="1.0" encoding="UTF-8"?>
<testsuite name="app.tileshell.tiles.TileGrowthTest" tests="13" skipped="0" failures="0" errors="0" timestamp="2026-09-24T23:14:37.363Z" hostname="pop-os" time="0.001">
  <properties/>
  <testcase name="a hand-set size is not a reason to refuse to grow, and is not written to" classname="app.tileshell.tiles.TileGrowthTest" time="0.001"/>
  <testcase name="the busy tile is drawn one size bigger" classname="app.tileshell.tiles.TileGrowthTest" time="0.0"/>
  <testcase name="a wide tile is already the widest a phone drew, so it stays wide" classname="app.tileshell.tiles.TileGrowthTest" time="0.0"/>
  <testcase name="a busy tile that is not on the grid changes nothing" classname="app.tileshell.tiles.TileGrowthTest" time="0.0"/>
  <testcase name="two tiles can be busy at once" classname="app.tileshell.tiles.TileGrowthTest" time="0.0"/>
  <testcase name="the bottom row is left alone because its tiles are not in the grid order" classname="app.tileshell.tiles.TileGrowthTest" time="0.0"/>
  <testcase name="growing is undone by simply not applying it any more" classname="app.tileshell.tiles.TileGrowthTest" time="0.0"/>
  <testcase name="nothing busy leaves the order exactly as it is" classname="app.tileshell.tiles.TileGrowthTest" time="0.0"/>
  <testcase name="an empty grid is not a special case" classname="app.tileshell.tiles.TileGrowthTest" time="0.0"/>
  <testcase name="a busy tile that is already wide costs no new list" classname="app.tileshell.tiles.TileGrowthTest" time="0.0"/>
  <testcase name="every other tile keeps its size and its place" classname="app.tileshell.tiles.TileGrowthTest" time="0.0"/>
  <testcase name="a small tile grows to medium and a medium one to wide" classname="app.tileshell.tiles.TileGrowthTest" time="0.0"/>
  <testcase name="a process that died mid-song leaves nothing behind, because growth is not stored" classname="app.tileshell.tiles.TileGrowthTest" time="0.0"/>
  <system-out><![CDATA[]]></system-out>
  <system-err><![CDATA[]]></system-err>
</testsuite>
