<?xml version="1.0" encoding="UTF-8"?>
<testsuite name="app.tileshell.cortana.TimeWordsTest" tests="12" skipped="0" failures="0" errors="0" timestamp="2026-09-24T23:14:36.289Z" hostname="pop-os" time="0.005">
  <properties/>
  <testcase name="groups follow the kind and the time, not the kind alone" classname="app.tileshell.cortana.TimeWordsTest" time="0.002"/>
  <testcase name="noon and midnight" classname="app.tileshell.cortana.TimeWordsTest" time="0.0"/>
  <testcase name="a bare hour that has passed goes to the evening, then to tomorrow" classname="app.tileshell.cortana.TimeWordsTest" time="0.001"/>
  <testcase name="durations, spoken and written" classname="app.tileshell.cortana.TimeWordsTest" time="0.0"/>
  <testcase name="end of today is the last millisecond of today, not 24 hours from now" classname="app.tileshell.cortana.TimeWordsTest" time="0.0"/>
  <testcase name="an explicit meridiem is taken literally, and rolls to tomorrow when it is past" classname="app.tileshell.cortana.TimeWordsTest" time="0.0"/>
  <testcase name="minutes, spoken and written" classname="app.tileshell.cortana.TimeWordsTest" time="0.0"/>
  <testcase name="the day word is what the list and the saved card both build on" classname="app.tileshell.cortana.TimeWordsTest" time="0.002"/>
  <testcase name="in a duration is a time too" classname="app.tileshell.cortana.TimeWordsTest" time="0.0"/>
  <testcase name="tomorrow and a weekday" classname="app.tileshell.cortana.TimeWordsTest" time="0.0"/>
  <testcase name="recurrence words" classname="app.tileshell.cortana.TimeWordsTest" time="0.0"/>
  <testcase name="no time at all" classname="app.tileshell.cortana.TimeWordsTest" time="0.0"/>
  <system-out><![CDATA[]]></system-out>
  <system-err><![CDATA[]]></system-err>
</testsuite>
