<?xml version="1.0" encoding="UTF-8"?>
<testsuite name="app.tileshell.music.MusicSearchTest" tests="7" skipped="0" failures="0" errors="0" timestamp="2026-09-24T23:14:37.287Z" hostname="pop-os" time="0.002">
  <properties/>
  <testcase name="an exact song plays from itself within its album" classname="app.tileshell.music.MusicSearchTest" time="0.001"/>
  <testcase name="an album matches without its leading the" classname="app.tileshell.music.MusicSearchTest" time="0.0"/>
  <testcase name="punctuation and case do not matter" classname="app.tileshell.music.MusicSearchTest" time="0.0"/>
  <testcase name="a name the library does not have resolves to nothing" classname="app.tileshell.music.MusicSearchTest" time="0.001"/>
  <testcase name="contains matches only from three letters" classname="app.tileshell.music.MusicSearchTest" time="0.0"/>
  <testcase name="a song beats an artist on the same words" classname="app.tileshell.music.MusicSearchTest" time="0.0"/>
  <testcase name="an artist plays all of their tracks from the first" classname="app.tileshell.music.MusicSearchTest" time="0.0"/>
  <system-out><![CDATA[]]></system-out>
  <system-err><![CDATA[]]></system-err>
</testsuite>
