<?xml version="1.0" encoding="UTF-8"?>
<testsuite name="app.tileshell.tiles.engine.TileSourcePrecedenceTest" tests="12" skipped="0" failures="0" errors="0" timestamp="2026-09-24T23:14:37.435Z" hostname="pop-os" time="0.006">
  <properties/>
  <testcase name="aFrontFaceThatIsNotPlayingIsNotPlaying" classname="app.tileshell.tiles.engine.TileSourcePrecedenceTest" time="0.001"/>
  <testcase name="theApiClearingFallsBackToNotifications" classname="app.tileshell.tiles.engine.TileSourcePrecedenceTest" time="0.003"/>
  <testcase name="notificationNullsNoLongerWipeAPlayingFace" classname="app.tileshell.tiles.engine.TileSourcePrecedenceTest" time="0.0"/>
  <testcase name="aSecondaryTilesKeyIsNeverClearedByTheArbiter" classname="app.tileshell.tiles.engine.TileSourcePrecedenceTest" time="0.001"/>
  <testcase name="aForgottenPackageKeepsNothing" classname="app.tileshell.tiles.engine.TileSourcePrecedenceTest" time="0.001"/>
  <testcase name="aPausedTrackShowsWhenNothingElseHas" classname="app.tileshell.tiles.engine.TileSourcePrecedenceTest" time="0.0"/>
  <testcase name="aPlayingSessionBeatsEverything" classname="app.tileshell.tiles.engine.TileSourcePrecedenceTest" time="0.0"/>
  <testcase name="emptyContentClearsItsSource" classname="app.tileshell.tiles.engine.TileSourcePrecedenceTest" time="0.0"/>
  <testcase name="theApiQueueBeatsNotificationsAndAPausedTrack" classname="app.tileshell.tiles.engine.TileSourcePrecedenceTest" time="0.0"/>
  <testcase name="eachSourceClearsOnlyItsOwnSlot" classname="app.tileshell.tiles.engine.TileSourcePrecedenceTest" time="0.0"/>
  <testcase name="nothingIsNothing" classname="app.tileshell.tiles.engine.TileSourcePrecedenceTest" time="0.0"/>
  <testcase name="notificationsBeatAPausedTrack" classname="app.tileshell.tiles.engine.TileSourcePrecedenceTest" time="0.0"/>
  <system-out><![CDATA[]]></system-out>
  <system-err><![CDATA[]]></system-err>
</testsuite>
