<?xml version="1.0" encoding="UTF-8"?>
<testsuite name="app.tileshell.ime.engine.SpaceRulesTest" tests="9" skipped="0" failures="0" errors="0" timestamp="2026-09-24T23:14:36.929Z" hostname="pop-os" time="0.001">
  <properties/>
  <testcase name="only when the field asks for sentence caps" classname="app.tileshell.ime.engine.SpaceRulesTest" time="0.001"/>
  <testcase name="mid-sentence, mid-word, and a terminal with no space after it are not starts" classname="app.tileshell.ime.engine.SpaceRulesTest" time="0.0"/>
  <testcase name="only directly after a single space" classname="app.tileshell.ime.engine.SpaceRulesTest" time="0.0"/>
  <testcase name="the period edit replaces the first space" classname="app.tileshell.ime.engine.SpaceRulesTest" time="0.0"/>
  <testcase name="1101 ms is too late" classname="app.tileshell.ime.engine.SpaceRulesTest" time="0.0"/>
  <testcase name="never after a digit, a period, or any non-letter" classname="app.tileshell.ime.engine.SpaceRulesTest" time="0.0"/>
  <testcase name="never in a URL, email or password field" classname="app.tileshell.ime.engine.SpaceRulesTest" time="0.0"/>
  <testcase name="a sentence starts at the field start and after a terminal followed by a space" classname="app.tileshell.ime.engine.SpaceRulesTest" time="0.0"/>
  <testcase name="a second space within 1100 ms after a letter becomes a period" classname="app.tileshell.ime.engine.SpaceRulesTest" time="0.0"/>
  <system-out><![CDATA[]]></system-out>
  <system-err><![CDATA[]]></system-err>
</testsuite>
