<?xml version="1.0" encoding="UTF-8"?>
<testsuite name="app.tileshell.applist.NewAppRulesTest" tests="8" skipped="0" failures="0" errors="0" timestamp="2026-09-24T23:14:36.219Z" hostname="pop-os" time="0.006">
  <properties/>
  <testcase name="recordsRoundTripAndKeysParse" classname="app.tileshell.applist.NewAppRulesTest" time="0.006"/>
  <testcase name="appsPresentAtBaselineCarryNoCaption" classname="app.tileshell.applist.NewAppRulesTest" time="0.0"/>
  <testcase name="appInstalledAfterBaselineIsNew" classname="app.tileshell.applist.NewAppRulesTest" time="0.0"/>
  <testcase name="appInstalledBeforeBaselineButFirstSeenLaterIsNotNew" classname="app.tileshell.applist.NewAppRulesTest" time="0.0"/>
  <testcase name="systemAppsNeverCarryIt" classname="app.tileshell.applist.NewAppRulesTest" time="0.0"/>
  <testcase name="reinstallIsANewInstall" classname="app.tileshell.applist.NewAppRulesTest" time="0.0"/>
  <testcase name="updateKeepsState" classname="app.tileshell.applist.NewAppRulesTest" time="0.0"/>
  <testcase name="launchClearsAndNoTimerClears" classname="app.tileshell.applist.NewAppRulesTest" time="0.0"/>
  <system-out><![CDATA[]]></system-out>
  <system-err><![CDATA[]]></system-err>
</testsuite>
