<?xml version="1.0" encoding="UTF-8"?>
<testsuite name="app.tileshell.cortana.ui.AskedLineTest" tests="2" skipped="0" failures="0" errors="0" timestamp="2026-09-24T23:14:36.332Z" hostname="pop-os" time="0.002">
  <properties/>
  <testcase name="typed text is shown exactly as typed" classname="app.tileshell.cortana.ui.AskedLineTest" time="0.001"/>
  <testcase name="a spoken all-caps query reads in sentence case" classname="app.tileshell.cortana.ui.AskedLineTest" time="0.0"/>
  <system-out><![CDATA[]]></system-out>
  <system-err><![CDATA[]]></system-err>
</testsuite>
