<?xml version="1.0" encoding="UTF-8"?>
<testsuite name="app.tileshell.ime.engine.RealDictionarySmokeTest" tests="1" skipped="0" failures="0" errors="0" timestamp="2026-09-24T19:44:46.550Z" hostname="pop-os" time="0.194">
  <properties/>
  <testcase name="the real TSV loads fast and the engines answer on it" classname="app.tileshell.ime.engine.RealDictionarySmokeTest" time="0.194"/>
  <system-out><![CDATA[TIMING real en_US.tsv (122352 words): load 39 ms, suggest worst 0.39 ms, swipe index 75 ms, decode worst 1.51 ms, mis-decoded []
]]></system-out>
  <system-err><![CDATA[]]></system-err>
</testsuite>
