<?xml version="1.0" encoding="UTF-8"?>
<testsuite name="app.tileshell.start.EditValuesTest" tests="7" skipped="0" failures="0" errors="0" timestamp="2026-09-24T19:44:47.135Z" hostname="pop-os" time="0.001">
  <properties/>
  <testcase name="drag, dwell and resize values match the Decisions" classname="app.tileshell.start.EditValuesTest" time="0.0"/>
  <testcase name="the dimming colours are the Decisions' formulas" classname="app.tileshell.start.EditValuesTest" time="0.001"/>
  <testcase name="entry values match R6 §1_1" classname="app.tileshell.start.EditValuesTest" time="0.0"/>
  <testcase name="disc values match R6 §1_2" classname="app.tileshell.start.EditValuesTest" time="0.0"/>
  <testcase name="folder values match R6 §1_6 and §1_7" classname="app.tileshell.start.EditValuesTest" time="0.0"/>
  <testcase name="exit values match R6 §1_5" classname="app.tileshell.start.EditValuesTest" time="0.0"/>
  <testcase name="the entry curve holds both of R6 §1_1_8's numbers" classname="app.tileshell.start.EditValuesTest" time="0.0"/>
  <system-out><![CDATA[]]></system-out>
  <system-err><![CDATA[]]></system-err>
</testsuite>
