<?xml version="1.0" encoding="UTF-8"?>
<testsuite name="app.tileshell.ime.KeyGridTest" tests="10" skipped="0" failures="0" errors="0" timestamp="2026-09-24T23:14:36.372Z" hostname="pop-os" time="0.006">
  <properties/>
  <testcase name="heights, pitch, bottom margin and block are R6 2_1_10 to 2_1_13" classname="app.tileshell.ime.KeyGridTest" time="0.004"/>
  <testcase name="row 3 shift, backspace and z to m are R6 2_1_7 and 2_1_8" classname="app.tileshell.ime.KeyGridTest" time="0.0"/>
  <testcase name="cursor dot sits on the three gaps, R6 2_5_4 and the left-handed mirror" classname="app.tileshell.ime.KeyGridTest" time="0.0"/>
  <testcase name="search row has the white magnifier key, R6 2_8_2" classname="app.tileshell.ime.KeyGridTest" time="0.0"/>
  <testcase name="row 1 keys, gaps and margins are R6 2_1_2 to 2_1_4" classname="app.tileshell.ime.KeyGridTest" time="0.001"/>
  <testcase name="row 2 keys and insets are R6 2_1_5 and 2_1_6" classname="app.tileshell.ime.KeyGridTest" time="0.0"/>
  <testcase name="URL row is R6 2_8_3" classname="app.tileshell.ime.KeyGridTest" time="0.0"/>
  <testcase name="row 4 in a default field is R6 2_1_9" classname="app.tileshell.ime.KeyGridTest" time="0.0"/>
  <testcase name="metrics scale phys by width over 1440 and the strip by epx" classname="app.tileshell.ime.KeyGridTest" time="0.001"/>
  <testcase name="nearest-key hit test sends a gap touch to the closer key" classname="app.tileshell.ime.KeyGridTest" time="0.0"/>
  <system-out><![CDATA[]]></system-out>
  <system-err><![CDATA[]]></system-err>
</testsuite>
