<?xml version="1.0" encoding="UTF-8"?>
<testsuite name="app.tileshell.ime.engine.LetterLayoutTest" tests="4" skipped="0" failures="0" errors="0" timestamp="2026-09-24T19:44:46.196Z" hostname="pop-os" time="0.002">
  <properties/>
  <testcase name="same-row neighbours are one pitch apart and adjacent" classname="app.tileshell.ime.engine.LetterLayoutTest" time="0.001"/>
  <testcase name="a key two columns over, or two rows away, is not adjacent" classname="app.tileshell.ime.engine.LetterLayoutTest" time="0.0"/>
  <testcase name="nearest keys come back nearest first, and a missing key is infinitely far" classname="app.tileshell.ime.engine.LetterLayoutTest" time="0.001"/>
  <testcase name="diagonal neighbours on the staggered rows are adjacent too" classname="app.tileshell.ime.engine.LetterLayoutTest" time="0.0"/>
  <system-out><![CDATA[]]></system-out>
  <system-err><![CDATA[]]></system-err>
</testsuite>
