<?xml version="1.0" encoding="UTF-8"?>
<testsuite name="app.tileshell.tiles.RecentPromotionTest" tests="11" skipped="0" failures="0" errors="0" timestamp="2026-09-24T23:14:37.361Z" hostname="pop-os" time="0.002">
  <properties/>
  <testcase name="and it leaves the grid, so the grid does not draw it twice" classname="app.tileshell.tiles.RecentPromotionTest" time="0.002"/>
  <testcase name="promoting is undone by simply not applying it any more" classname="app.tileshell.tiles.RecentPromotionTest" time="0.0"/>
  <testcase name="a bottom-row app leaves the order untouched, because the row is not in the grid order" classname="app.tileshell.tiles.RecentPromotionTest" time="0.0"/>
  <testcase name="every other tile keeps its order, so only the promoted one appears to move" classname="app.tileshell.tiles.RecentPromotionTest" time="0.0"/>
  <testcase name="the opened app is handed back on its own, to be drawn above the bottom tile row" classname="app.tileshell.tiles.RecentPromotionTest" time="0.0"/>
  <testcase name="promoting one tile then another leaves no trace of the first" classname="app.tileshell.tiles.RecentPromotionTest" time="0.0"/>
  <testcase name="an app with no tile on Start leaves the order untouched" classname="app.tileshell.tiles.RecentPromotionTest" time="0.0"/>
  <testcase name="an empty grid is not a special case" classname="app.tileshell.tiles.RecentPromotionTest" time="0.0"/>
  <testcase name="nothing promoted leaves the order untouched" classname="app.tileshell.tiles.RecentPromotionTest" time="0.0"/>
  <testcase name="the promoted tile keeps its own size" classname="app.tileshell.tiles.RecentPromotionTest" time="0.0"/>
  <testcase name="the last tile is lifted out like any other, not left where it is" classname="app.tileshell.tiles.RecentPromotionTest" time="0.0"/>
  <system-out><![CDATA[]]></system-out>
  <system-err><![CDATA[]]></system-err>
</testsuite>
