<?xml version="1.0" encoding="UTF-8"?>
<testsuite name="app.tileshell.feeds.PhotoRulesTest" tests="13" skipped="0" failures="0" errors="0" timestamp="2026-09-24T19:44:46.185Z" hostname="pop-os" time="0.0">
  <properties/>
  <testcase name="no photos at all is not a slideshow either" classname="app.tileshell.feeds.PhotoRulesTest" time="0.0"/>
  <testcase name="a picture frame does not grow, because nothing is happening on it" classname="app.tileshell.feeds.PhotoRulesTest" time="0.0"/>
  <testcase name="with both settings off the tile is exactly what phase 01 built" classname="app.tileshell.feeds.PhotoRulesTest" time="0.0"/>
  <testcase name="a slideshow shows more photos than the plain tile, and is still bounded" classname="app.tileshell.feeds.PhotoRulesTest" time="0.0"/>
  <testcase name="how many photos to read follows the mode" classname="app.tileshell.feeds.PhotoRulesTest" time="0.0"/>
  <testcase name="a picture frame does not run a slideshow cadence" classname="app.tileshell.feeds.PhotoRulesTest" time="0.0"/>
  <testcase name="removing the main photo hands the tile back to the slideshow switch" classname="app.tileshell.feeds.PhotoRulesTest" time="0.0"/>
  <testcase name="turning the slideshow off returns the tile to its stored size" classname="app.tileshell.feeds.PhotoRulesTest" time="0.0"/>
  <testcase name="a main photo outranks the slideshow switch, so the tile still does not flip" classname="app.tileshell.feeds.PhotoRulesTest" time="0.0"/>
  <testcase name="one photo is not a slideshow, so the tile neither advances nor grows" classname="app.tileshell.feeds.PhotoRulesTest" time="0.0"/>
  <testcase name="a running slideshow advances on the fixed cadence and grows the tile" classname="app.tileshell.feeds.PhotoRulesTest" time="0.0"/>
  <testcase name="a frame reads no photos out of the gallery at all" classname="app.tileshell.feeds.PhotoRulesTest" time="0.0"/>
  <testcase name="a main photo leaves the tile with no faces to flip between" classname="app.tileshell.feeds.PhotoRulesTest" time="0.0"/>
  <system-out><![CDATA[]]></system-out>
  <system-err><![CDATA[]]></system-err>
</testsuite>
