<?xml version="1.0" encoding="UTF-8"?>
<testsuite name="app.tileshell.cortana.speech.ZipSafetyTest" tests="6" skipped="0" failures="0" errors="0" timestamp="2026-09-24T19:44:46.154Z" hostname="pop-os" time="0.005">
  <properties/>
  <testcase name="a symlink out of the target does not become a way in" classname="app.tileshell.cortana.speech.ZipSafetyTest" time="0.003"/>
  <testcase name="an entry named dot-dot-slash-evil is rejected" classname="app.tileshell.cortana.speech.ZipSafetyTest" time="0.001"/>
  <testcase name="an absolute-looking entry cannot land outside the target" classname="app.tileshell.cortana.speech.ZipSafetyTest" time="0.0"/>
  <testcase name="a traversal buried inside a plausible path is rejected" classname="app.tileshell.cortana.speech.ZipSafetyTest" time="0.0"/>
  <testcase name="the ordinary entries the real archive contains are accepted" classname="app.tileshell.cortana.speech.ZipSafetyTest" time="0.0"/>
  <testcase name="an empty name is rejected and the directory itself is not an entry to write" classname="app.tileshell.cortana.speech.ZipSafetyTest" time="0.001"/>
  <system-out><![CDATA[]]></system-out>
  <system-err><![CDATA[]]></system-err>
</testsuite>
