<?xml version="1.0" encoding="UTF-8"?>
<testsuite name="app.tileshell.tiles.GridPackTest" tests="7" skipped="0" failures="0" errors="0" timestamp="2026-09-24T19:44:47.182Z" hostname="pop-os" time="0.002">
  <properties/>
  <testcase name="unpinning pulls the tiles after the gap up" classname="app.tileshell.tiles.GridPackTest" time="0.0"/>
  <testcase name="the default order re-packs inside a 2-column grid with no tile lost" classname="app.tileshell.tiles.GridPackTest" time="0.002"/>
  <testcase name="an empty cell past the end of the grid appends" classname="app.tileshell.tiles.GridPackTest" time="0.0"/>
  <testcase name="indexAt finds the tile under a cell and nothing under an empty one" classname="app.tileshell.tiles.GridPackTest" time="0.0"/>
  <testcase name="a tile wider than the grid is clamped, never dropped" classname="app.tileshell.tiles.GridPackTest" time="0.0"/>
  <testcase name="a small tile flows into the gap a wide tile leaves" classname="app.tileshell.tiles.GridPackTest" time="0.0"/>
  <testcase name="the phase 01 default order packs to the phase 01 coordinates" classname="app.tileshell.tiles.GridPackTest" time="0.0"/>
  <system-out><![CDATA[]]></system-out>
  <system-err><![CDATA[]]></system-err>
</testsuite>
