<?xml version="1.0" encoding="UTF-8"?>
<testsuite name="app.tileshell.tiles.api.TileXmlValidatorTest" tests="22" skipped="0" failures="0" errors="0" timestamp="2026-09-24T23:14:37.376Z" hostname="pop-os" time="0.057">
  <properties/>
  <testcase name="badValuesAreRejected" classname="app.tileshell.tiles.api.TileXmlValidatorTest" time="0.028"/>
  <testcase name="processingInstructionIsRejected" classname="app.tileshell.tiles.api.TileXmlValidatorTest" time="0.0"/>
  <testcase name="undeclaredEntityReferenceIsRejected" classname="app.tileshell.tiles.api.TileXmlValidatorTest" time="0.005"/>
  <testcase name="httpImagesAreRejected" classname="app.tileshell.tiles.api.TileXmlValidatorTest" time="0.002"/>
  <testcase name="internalDtdIsRejected" classname="app.tileshell.tiles.api.TileXmlValidatorTest" time="0.0"/>
  <testcase name="exactlyEightKilobytesIsAccepted" classname="app.tileshell.tiles.api.TileXmlValidatorTest" time="0.002"/>
  <testcase name="unknownElementsAreRejected" classname="app.tileshell.tiles.api.TileXmlValidatorTest" time="0.001"/>
  <testcase name="twelveDistinctImagesIsTheCap" classname="app.tileshell.tiles.api.TileXmlValidatorTest" time="0.002"/>
  <testcase name="externalEntityIsRejectedAndNeverRead" classname="app.tileshell.tiles.api.TileXmlValidatorTest" time="0.003"/>
  <testcase name="otherImageSchemesAndAuthorityTricksAreRejected" classname="app.tileshell.tiles.api.TileXmlValidatorTest" time="0.003"/>
  <testcase name="multibyteOversizeIsCountedInBytes" classname="app.tileshell.tiles.api.TileXmlValidatorTest" time="0.0"/>
  <testcase name="billionLaughsIsRejectedQuicklyByBothLayers" classname="app.tileshell.tiles.api.TileXmlValidatorTest" time="0.003"/>
  <testcase name="oversizedPayloadIsRejected" classname="app.tileshell.tiles.api.TileXmlValidatorTest" time="0.0"/>
  <testcase name="photosPresentationCapsAtNineOnPhone" classname="app.tileshell.tiles.api.TileXmlValidatorTest" time="0.001"/>
  <testcase name="unsupportedAttributesAreRejectedNotDropped" classname="app.tileshell.tiles.api.TileXmlValidatorTest" time="0.002"/>
  <testcase name="doctypeIsRejectedCaseInsensitivelyAndWithoutSubset" classname="app.tileshell.tiles.api.TileXmlValidatorTest" time="0.0"/>
  <testcase name="fullPhonePayloadAllThreeSizes" classname="app.tileshell.tiles.api.TileXmlValidatorTest" time="0.001"/>
  <testcase name="tileLargeIsRejected" classname="app.tileshell.tiles.api.TileXmlValidatorTest" time="0.0"/>
  <testcase name="externalParameterEntityIsRejectedByBothLayers" classname="app.tileshell.tiles.api.TileXmlValidatorTest" time="0.001"/>
  <testcase name="structureIsEnforced" classname="app.tileshell.tiles.api.TileXmlValidatorTest" time="0.002"/>
  <testcase name="minimalMediumText" classname="app.tileshell.tiles.api.TileXmlValidatorTest" time="0.0"/>
  <testcase name="iconicAndLegacyTemplatesAreRejected" classname="app.tileshell.tiles.api.TileXmlValidatorTest" time="0.001"/>
  <system-out><![CDATA[]]></system-out>
  <system-err><![CDATA[]]></system-err>
</testsuite>
