<?xml version="1.0" encoding="UTF-8"?>
<testsuite name="app.tileshell.applist.AppUninstallTest" tests="5" skipped="0" failures="0" errors="0" timestamp="2026-09-24T19:44:46.071Z" hostname="pop-os" time="0.001">
  <properties/>
  <testcase name="work and private apps are left to their profile" classname="app.tileshell.applist.AppUninstallTest" time="0.0"/>
  <testcase name="the shell does not offer to remove itself" classname="app.tileshell.applist.AppUninstallTest" time="0.0"/>
  <testcase name="an inbox app cannot" classname="app.tileshell.applist.AppUninstallTest" time="0.0"/>
  <testcase name="a package name that did not survive the framework stub is refused, not guessed" classname="app.tileshell.applist.AppUninstallTest" time="0.0"/>
  <testcase name="an ordinary app can be uninstalled" classname="app.tileshell.applist.AppUninstallTest" time="0.0"/>
  <system-out><![CDATA[]]></system-out>
  <system-err><![CDATA[]]></system-err>
</testsuite>
