<?xml version="1.0" encoding="UTF-8"?>
<testsuite name="app.tileshell.music.CrossfadeTest" tests="14" skipped="0" failures="0" errors="0" timestamp="2026-09-24T23:14:37.276Z" hostname="pop-os" time="0.001">
  <properties/>
  <testcase name="a fade that starts late is shortened to what is left, never overrun" classname="app.tileshell.music.CrossfadeTest" time="0.0"/>
  <testcase name="two copies within the tolerance are close enough to swap between" classname="app.tileshell.music.CrossfadeTest" time="0.0"/>
  <testcase name="off, or a duration not known yet, is no fade" classname="app.tileshell.music.CrossfadeTest" time="0.0"/>
  <testcase name="the choices run from off to twelve seconds" classname="app.tileshell.music.CrossfadeTest" time="0.0"/>
  <testcase name="it is equal power all the way through, so the loudness does not dip in the middle" classname="app.tileshell.music.CrossfadeTest" time="0.0"/>
  <testcase name="repeat-one never fades a track into itself" classname="app.tileshell.music.CrossfadeTest" time="0.0"/>
  <testcase name="progress outside 0 to 1 is clamped rather than wrapping the curve" classname="app.tileshell.music.CrossfadeTest" time="0.0"/>
  <testcase name="a fade that would be under a second is no fade at all" classname="app.tileshell.music.CrossfadeTest" time="0.0"/>
  <testcase name="a fade is never longer than half of either track" classname="app.tileshell.music.CrossfadeTest" time="0.0"/>
  <testcase name="a fade is the setting when both tracks are long enough" classname="app.tileshell.music.CrossfadeTest" time="0.0"/>
  <testcase name="an armed end-of-track sleep timer means the music stops, so nothing fades" classname="app.tileshell.music.CrossfadeTest" time="0.0"/>
  <testcase name="the fade starts all outgoing and ends all incoming" classname="app.tileshell.music.CrossfadeTest" time="0.0"/>
  <testcase name="a fade needs the setting on and a next track" classname="app.tileshell.music.CrossfadeTest" time="0.0"/>
  <testcase name="the menu entry says what is set, and anything unknown reads as off" classname="app.tileshell.music.CrossfadeTest" time="0.0"/>
  <system-out><![CDATA[]]></system-out>
  <system-err><![CDATA[]]></system-err>
</testsuite>
