<?xml version="1.0" encoding="UTF-8"?>
<testsuite name="app.tileshell.start.TileTimingTest" tests="17" skipped="0" failures="0" errors="0" timestamp="2026-09-24T19:44:47.173Z" hostname="pop-os" time="0.003">
  <properties/>
  <testcase name="a slideshow keeps its own cadence and never joins the comb" classname="app.tileshell.start.TileTimingTest" time="0.0"/>
  <testcase name="a slideshow advances on its fixed cadence, not on a random draw" classname="app.tileshell.start.TileTimingTest" time="0.0"/>
  <testcase name="two tiles never take the same turn, whenever each of them woke up" classname="app.tileshell.start.TileTimingTest" time="0.0"/>
  <testcase name="the slideshow is faster than R3 A8's band, so it reads as a slideshow" classname="app.tileshell.start.TileTimingTest" time="0.0"/>
  <testcase name="the index never runs off the end of the list" classname="app.tileshell.start.TileTimingTest" time="0.0"/>
  <testcase name="a live tile draws its period inside the measured band, end inclusive" classname="app.tileshell.start.TileTimingTest" time="0.001"/>
  <testcase name="the gap between neighbouring tiles is a whole slice of the band" classname="app.tileshell.start.TileTimingTest" time="0.0"/>
  <testcase name="the comb never divides by zero" classname="app.tileshell.start.TileTimingTest" time="0.0"/>
  <testcase name="a tile with one live face alternates with its front" classname="app.tileshell.start.TileTimingTest" time="0.0"/>
  <testcase name="every cycling tile shares one comb, whatever its transition" classname="app.tileshell.start.TileTimingTest" time="0.0"/>
  <testcase name="every advance takes exactly the same time" classname="app.tileshell.start.TileTimingTest" time="0.0"/>
  <testcase name="a turn is never zero, so a tile cannot flip twice in the same instant" classname="app.tileshell.start.TileTimingTest" time="0.001"/>
  <testcase name="a tile with three photos walks front, photo, photo, photo and comes back" classname="app.tileshell.start.TileTimingTest" time="0.0"/>
  <testcase name="a tile with no live faces stays on its front" classname="app.tileshell.start.TileTimingTest" time="0.0"/>
  <testcase name="an animation longer than the period means the next change is due now" classname="app.tileshell.start.TileTimingTest" time="0.0"/>
  <testcase name="the animation's own time comes out of the period" classname="app.tileshell.start.TileTimingTest" time="0.001"/>
  <testcase name="a tile on its own still waits its turn rather than flipping instantly" classname="app.tileshell.start.TileTimingTest" time="0.0"/>
  <system-out><![CDATA[]]></system-out>
  <system-err><![CDATA[]]></system-err>
</testsuite>
