<?xml version="1.0" encoding="UTF-8"?>
<testsuite name="app.tileshell.cortana.CommandMatcherTest" tests="27" skipped="0" failures="0" errors="0" timestamp="2026-09-24T23:14:36.228Z" hostname="pop-os" time="0.041">
  <properties/>
  <testcase name="text a contact, with and without the message" classname="app.tileshell.cortana.CommandMatcherTest" time="0.012"/>
  <testcase name="add more is offered on the read-back and nowhere else" classname="app.tileshell.cortana.CommandMatcherTest" time="0.001"/>
  <testcase name="saving a place at the spot" classname="app.tileshell.cortana.CommandMatcherTest" time="0.001"/>
  <testcase name="silence is not the same as not understood" classname="app.tileshell.cortana.CommandMatcherTest" time="0.001"/>
  <testcase name="call a contact" classname="app.tileshell.cortana.CommandMatcherTest" time="0.001"/>
  <testcase name="adding to a list is not a calendar event" classname="app.tileshell.cortana.CommandMatcherTest" time="0.0"/>
  <testcase name="a recurring reminder" classname="app.tileshell.cortana.CommandMatcherTest" time="0.006"/>
  <testcase name="calendar add and delete, and the day's list" classname="app.tileshell.cortana.CommandMatcherTest" time="0.003"/>
  <testcase name="music, directions, photo and note" classname="app.tileshell.cortana.CommandMatcherTest" time="0.002"/>
  <testcase name="a person reminder does not lose the word time to the clock" classname="app.tileshell.cortana.CommandMatcherTest" time="0.001"/>
  <testcase name="open an app" classname="app.tileshell.cortana.CommandMatcherTest" time="0.0"/>
  <testcase name="time, date and weather" classname="app.tileshell.cortana.CommandMatcherTest" time="0.001"/>
  <testcase name="unmatched speech carries its own text to the not-understood handler" classname="app.tileshell.cortana.CommandMatcherTest" time="0.0"/>
  <testcase name="whenever answers the missing-time card" classname="app.tileshell.cortana.CommandMatcherTest" time="0.002"/>
  <testcase name="a timed reminder keeps only the task in its text" classname="app.tileshell.cortana.CommandMatcherTest" time="0.0"/>
  <testcase name="a place reminder, not a timed one" classname="app.tileshell.cortana.CommandMatcherTest" time="0.0"/>
  <testcase name="settings toggles are phase 04 and must not match here" classname="app.tileshell.cortana.CommandMatcherTest" time="0.001"/>
  <testcase name="a stray word at the edge does not lose a fixed query" classname="app.tileshell.cortana.CommandMatcherTest" time="0.0"/>
  <testcase name="the recogniser spells the meridiem out as two letters" classname="app.tileshell.cortana.CommandMatcherTest" time="0.002"/>
  <testcase name="a reminder with no time has no time, which is what the missing-time card is for" classname="app.tileshell.cortana.CommandMatcherTest" time="0.0"/>
  <testcase name="a one-word form still has to be the whole utterance" classname="app.tileshell.cortana.CommandMatcherTest" time="0.001"/>
  <testcase name="alarms and timers" classname="app.tileshell.cortana.CommandMatcherTest" time="0.0"/>
  <testcase name="an answer only counts while something is awaiting it" classname="app.tileshell.cortana.CommandMatcherTest" time="0.001"/>
  <testcase name="speech and typing reach the same request" classname="app.tileshell.cortana.CommandMatcherTest" time="0.0"/>
  <testcase name="a time at the missing-time card answers it" classname="app.tileshell.cortana.CommandMatcherTest" time="0.0"/>
  <testcase name="hotwords carry the command phrases plus this phone's contacts and apps" classname="app.tileshell.cortana.CommandMatcherTest" time="0.004"/>
  <testcase name="a stray leading word does not lose a command prefix" classname="app.tileshell.cortana.CommandMatcherTest" time="0.001"/>
  <system-out><![CDATA[]]></system-out>
  <system-err><![CDATA[]]></system-err>
</testsuite>
