<?xml version="1.0" encoding="UTF-8"?>
<testsuite name="app.tileshell.ime.engine.AlternatesTest" tests="5" skipped="0" failures="0" errors="0" timestamp="2026-09-24T19:44:46.195Z" hostname="pop-os" time="0.001">
  <properties/>
  <testcase name="an uppercase key unshifted still gives the lowercase table" classname="app.tileshell.ime.engine.AlternatesTest" time="0.0"/>
  <testcase name="the period and comma keys carry punctuation" classname="app.tileshell.ime.engine.AlternatesTest" time="0.0"/>
  <testcase name="a letter with no alternates is only itself, and opens no popup" classname="app.tileshell.ime.engine.AlternatesTest" time="0.0"/>
  <testcase name="the plain letter comes first, then its accents" classname="app.tileshell.ime.engine.AlternatesTest" time="0.001"/>
  <testcase name="shifted gives the uppercase forms, and drops what has no single uppercase character" classname="app.tileshell.ime.engine.AlternatesTest" time="0.0"/>
  <system-out><![CDATA[]]></system-out>
  <system-err><![CDATA[]]></system-err>
</testsuite>
