<?xml version="1.0" encoding="UTF-8"?>
<testsuite name="app.tileshell.tiles.CategoryFoldersTest" tests="13" skipped="0" failures="0" errors="0" timestamp="2026-09-24T23:14:37.354Z" hostname="pop-os" time="0.003">
  <properties/>
  <testcase name="a folder holds the apps that declare its category and nothing else" classname="app.tileshell.tiles.CategoryFoldersTest" time="0.0"/>
  <testcase name="the newest installed survive the cap" classname="app.tileshell.tiles.CategoryFoldersTest" time="0.0"/>
  <testcase name="seeding refuses to make a folder of one" classname="app.tileshell.tiles.CategoryFoldersTest" time="0.001"/>
  <testcase name="a seeded folder lands on Start holding its members" classname="app.tileshell.tiles.CategoryFoldersTest" time="0.0"/>
  <testcase name="the two markers are different, so one folder's ADD cannot silence the other" classname="app.tileshell.tiles.CategoryFoldersTest" time="0.0"/>
  <testcase name="one app is not a folder, because a folder of one dissolves" classname="app.tileshell.tiles.CategoryFoldersTest" time="0.0"/>
  <testcase name="folders never nest" classname="app.tileshell.tiles.CategoryFoldersTest" time="0.0"/>
  <testcase name="apps installed in the same breath are ordered by name" classname="app.tileshell.tiles.CategoryFoldersTest" time="0.0"/>
  <testcase name="a member already on Start is moved into the folder, not duplicated" classname="app.tileshell.tiles.CategoryFoldersTest" time="0.0"/>
  <testcase name="nothing is seeded when only filed apps match" classname="app.tileshell.tiles.CategoryFoldersTest" time="0.0"/>
  <testcase name="apps that declare nothing are never guessed into a folder" classname="app.tileshell.tiles.CategoryFoldersTest" time="0.0"/>
  <testcase name="no apps at all makes no folder rather than an empty one" classname="app.tileshell.tiles.CategoryFoldersTest" time="0.0"/>
  <testcase name="an app the user already filed in a folder is left alone" classname="app.tileshell.tiles.CategoryFoldersTest" time="0.0"/>
  <system-out><![CDATA[]]></system-out>
  <system-err><![CDATA[]]></system-err>
</testsuite>
