<?xml version="1.0" encoding="UTF-8"?>
<testsuite name="app.tileshell.cortana.speech.MicArbiterTest" tests="6" skipped="0" failures="0" errors="0" timestamp="2026-09-24T23:14:36.302Z" hostname="pop-os" time="0.005">
  <properties/>
  <testcase name="after release the other client gets it" classname="app.tileshell.cortana.speech.MicArbiterTest" time="0.003"/>
  <testcase name="a free microphone goes to whoever asks" classname="app.tileshell.cortana.speech.MicArbiterTest" time="0.0"/>
  <testcase name="a second client is refused while the first listens, and the first keeps it" classname="app.tileshell.cortana.speech.MicArbiterTest" time="0.0"/>
  <testcase name="only the holder can release it" classname="app.tileshell.cortana.speech.MicArbiterTest" time="0.001"/>
  <testcase name="the holder starting again replaces its own capture" classname="app.tileshell.cortana.speech.MicArbiterTest" time="0.0"/>
  <testcase name="a finished capture frees it only if it is the current one" classname="app.tileshell.cortana.speech.MicArbiterTest" time="0.001"/>
  <system-out><![CDATA[]]></system-out>
  <system-err><![CDATA[]]></system-err>
</testsuite>
