<?xml version="1.0" encoding="UTF-8"?>
<testsuite name="app.tileshell.start.BackRulesTest" tests="12" skipped="0" failures="0" errors="0" timestamp="2026-09-24T19:44:47.133Z" hostname="pop-os" time="0.002">
  <properties/>
  <testcase name="lastAppNoLongerLaunchableFallsBackToAnEarlierOne" classname="app.tileshell.start.BackRulesTest" time="0.001"/>
  <testcase name="appReShownByTheUnlockIsNotAnOpenedApp" classname="app.tileshell.start.BackRulesTest" time="0.001"/>
  <testcase name="excludedLatestFallsBackToTheMostRecentEligible" classname="app.tileshell.start.BackRulesTest" time="0.0"/>
  <testcase name="nothingResumedDoesNothing" classname="app.tileshell.start.BackRulesTest" time="0.0"/>
  <testcase name="anotherAppAfterTheUnlockCounts" classname="app.tileshell.start.BackRulesTest" time="0.0"/>
  <testcase name="keyguardClearsTheHistory" classname="app.tileshell.start.BackRulesTest" time="0.0"/>
  <testcase name="appOpenedAgainAfterGoingHomeCounts" classname="app.tileshell.start.BackRulesTest" time="0.0"/>
  <testcase name="mostRecentEligibleAppWins" classname="app.tileshell.start.BackRulesTest" time="0.0"/>
  <testcase name="screenOffWithoutKeyguardKeepsTheHistory" classname="app.tileshell.start.BackRulesTest" time="0.0"/>
  <testcase name="homeActivityIsExcludedButItsPackagesOtherActivitiesAreNot" classname="app.tileshell.start.BackRulesTest" time="0.0"/>
  <testcase name="systemSurfaceDuringUnlockKeepsTheReShownAppFromCounting" classname="app.tileshell.start.BackRulesTest" time="0.0"/>
  <testcase name="lockedOnStartThenAppOpenedCounts" classname="app.tileshell.start.BackRulesTest" time="0.0"/>
  <system-out><![CDATA[]]></system-out>
  <system-err><![CDATA[]]></system-err>
</testsuite>
