<?xml version="1.0" encoding="UTF-8"?>
<testsuite name="app.tileshell.start.TileControlsTest" tests="13" skipped="0" failures="0" errors="0" timestamp="2026-09-24T19:44:47.172Z" hostname="pop-os" time="0.0">
  <properties/>
  <testcase name="the cells meet with no gap and no overlap" classname="app.tileshell.start.TileControlsTest" time="0.0"/>
  <testcase name="a finger that slid off its control lands on a different answer, which is not a launch either" classname="app.tileshell.start.TileControlsTest" time="0.0"/>
  <testcase name="the far corners still land on a control rather than on nothing" classname="app.tileshell.start.TileControlsTest" time="0.0"/>
  <testcase name="the strip scales with the tile, so a wide tile has wider targets" classname="app.tileshell.start.TileControlsTest" time="0.0"/>
  <testcase name="a tile with no size yet claims nothing" classname="app.tileshell.start.TileControlsTest" time="0.0"/>
  <testcase name="a two-control strip splits in half" classname="app.tileshell.start.TileControlsTest" time="0.0"/>
  <testcase name="the strip is the bottom third of the tile" classname="app.tileshell.start.TileControlsTest" time="0.0"/>
  <testcase name="a touch outside the tile is not a control" classname="app.tileshell.start.TileControlsTest" time="0.0"/>
  <testcase name="cell left edges follow the same arithmetic the strip is drawn with" classname="app.tileshell.start.TileControlsTest" time="0.0"/>
  <testcase name="each control owns its own third of the strip" classname="app.tileshell.start.TileControlsTest" time="0.0"/>
  <testcase name="a touch on the album art at the very top is not a control" classname="app.tileshell.start.TileControlsTest" time="0.0"/>
  <testcase name="a tile with no controls never claims a touch" classname="app.tileshell.start.TileControlsTest" time="0.0"/>
  <testcase name="a touch above the strip belongs to the tile, and therefore launches" classname="app.tileshell.start.TileControlsTest" time="0.0"/>
  <system-out><![CDATA[]]></system-out>
  <system-err><![CDATA[]]></system-err>
</testsuite>
