<?xml version="1.0" encoding="UTF-8"?>
<testsuite name="app.tileshell.tiles.api.SecondaryPinQueueTest" tests="8" skipped="0" failures="0" errors="0" timestamp="2026-09-24T19:44:47.191Z" hostname="pop-os" time="0.001">
  <properties/>
  <testcase name="nothingIsEverPresentedWhileStartIsNotVisible" classname="app.tileshell.tiles.api.SecondaryPinQueueTest" time="0.001"/>
  <testcase name="aSecondRequestForTheSameTileReplacesTheFirst" classname="app.tileshell.tiles.api.SecondaryPinQueueTest" time="0.0"/>
  <testcase name="requestsAreAnsweredOneAtATimeInOrder" classname="app.tileshell.tiles.api.SecondaryPinQueueTest" time="0.0"/>
  <testcase name="aRequestFromTheBackgroundDoesNotInterruptTheShowingItDidNotCause" classname="app.tileshell.tiles.api.SecondaryPinQueueTest" time="0.0"/>
  <testcase name="removeIfDropsAnOwnersRequestsAndMovesOn" classname="app.tileshell.tiles.api.SecondaryPinQueueTest" time="0.0"/>
  <testcase name="aRequestSurvivesStartComingAndGoingUntilItIsAnswered" classname="app.tileshell.tiles.api.SecondaryPinQueueTest" time="0.0"/>
  <testcase name="aFullQueueRefusesRatherThanDroppingSomething" classname="app.tileshell.tiles.api.SecondaryPinQueueTest" time="0.0"/>
  <testcase name="aRequestWhileStartIsNotVisibleIsShownWhenStartIsNextShown" classname="app.tileshell.tiles.api.SecondaryPinQueueTest" time="0.0"/>
  <system-out><![CDATA[]]></system-out>
  <system-err><![CDATA[]]></system-err>
</testsuite>
