<?xml version="1.0" encoding="UTF-8"?>
<testsuite name="app.tileshell.tiles.api.TileQueuePolicyTest" tests="5" skipped="0" failures="0" errors="0" timestamp="2026-09-24T19:44:47.198Z" hostname="pop-os" time="0.001">
  <properties/>
  <testcase name="disablingKeepsTheNewest" classname="app.tileshell.tiles.api.TileQueuePolicyTest" time="0.0"/>
  <testcase name="disabledQueueHoldsOnlyTheLatest" classname="app.tileshell.tiles.api.TileQueuePolicyTest" time="0.001"/>
  <testcase name="fiveDeepOldestOut" classname="app.tileshell.tiles.api.TileQueuePolicyTest" time="0.0"/>
  <testcase name="tagMatchReplacesCaseInsensitively" classname="app.tileshell.tiles.api.TileQueuePolicyTest" time="0.0"/>
  <testcase name="expiredEntriesArePruned" classname="app.tileshell.tiles.api.TileQueuePolicyTest" time="0.0"/>
  <system-out><![CDATA[]]></system-out>
  <system-err><![CDATA[]]></system-err>
</testsuite>
