<?xml version="1.0" encoding="UTF-8"?>
<testsuite name="app.tileshell.tiles.AutoSizeTest" tests="14" skipped="0" failures="0" errors="0" timestamp="2026-09-24T19:44:47.176Z" hostname="pop-os" time="0.003">
  <properties/>
  <testcase name="a shell tile keeps its size even when everything around it is resized" classname="app.tileshell.tiles.AutoSizeTest" time="0.001"/>
  <testcase name="a negative or zero score never goes anywhere" classname="app.tileshell.tiles.AutoSizeTest" time="0.0"/>
  <testcase name="a tile that really stops being used falls all the way back to small" classname="app.tileshell.tiles.AutoSizeTest" time="0.0"/>
  <testcase name="an unused tile decays towards nothing, so it shrinks on its own" classname="app.tileshell.tiles.AutoSizeTest" time="0.0"/>
  <testcase name="a share that keeps wobbling across one threshold never flips the tile" classname="app.tileshell.tiles.AutoSizeTest" time="0.0"/>
  <testcase name="only tiles that stand for something you open take part" classname="app.tileshell.tiles.AutoSizeTest" time="0.001"/>
  <testcase name="it starts working once the busiest tile has real use" classname="app.tileshell.tiles.AutoSizeTest" time="0.0"/>
  <testcase name="a score halves over one half-life" classname="app.tileshell.tiles.AutoSizeTest" time="0.0"/>
  <testcase name="a tile on a boundary keeps the size it has" classname="app.tileshell.tiles.AutoSizeTest" time="0.0"/>
  <testcase name="a fresh install is left exactly as the default layout put it" classname="app.tileshell.tiles.AutoSizeTest" time="0.0"/>
  <testcase name="a manually sized tile is never touched, however much or little it is used" classname="app.tileshell.tiles.AutoSizeTest" time="0.0"/>
  <testcase name="a manually sized tile does not even set the scale others are measured against" classname="app.tileshell.tiles.AutoSizeTest" time="0.0"/>
  <testcase name="the order itself is never changed, only the sizes" classname="app.tileshell.tiles.AutoSizeTest" time="0.0"/>
  <testcase name="no more than MAX_WIDE tiles go wide, and the busiest keep it" classname="app.tileshell.tiles.AutoSizeTest" time="0.001"/>
  <system-out><![CDATA[]]></system-out>
  <system-err><![CDATA[]]></system-err>
</testsuite>
