<?xml version="1.0" encoding="UTF-8"?>
<testsuite name="app.tileshell.cortana.PersonaValuesTest" tests="11" skipped="0" failures="0" errors="0" timestamp="2026-09-24T23:14:36.276Z" hostname="pop-os" time="0.012">
  <properties/>
  <testcase name="idle and thinking ring match R3 A22" classname="app.tileshell.cortana.PersonaValuesTest" time="0.0"/>
  <testcase name="the halo and the disc move in antiphase" classname="app.tileshell.cortana.PersonaValuesTest" time="0.0"/>
  <testcase name="listening matches R6 3_1_6 to 3_1_10 and supersedes A22's pulse" classname="app.tileshell.cortana.PersonaValuesTest" time="0.001"/>
  <testcase name="the cards match R6 3_4_2 and R7 3_8_1" classname="app.tileshell.cortana.PersonaValuesTest" time="0.0"/>
  <testcase name="speaking and after-speaking match R6 3_2" classname="app.tileshell.cortana.PersonaValuesTest" time="0.0"/>
  <testcase name="the listening pulse rises, holds, falls and holds" classname="app.tileshell.cortana.PersonaValuesTest" time="0.0"/>
  <testcase name="cap metrics reproduce R6's measured title cap" classname="app.tileshell.cortana.PersonaValuesTest" time="0.0"/>
  <testcase name="the rotation never fully closes, as A22 measured" classname="app.tileshell.cortana.PersonaValuesTest" time="0.001"/>
  <testcase name="the text box matches R6 3_3 and the listening box 3_1_11" classname="app.tileshell.cortana.PersonaValuesTest" time="0.01"/>
  <testcase name="the waveform glyph matches R6 3_1_2 to 3_1_5" classname="app.tileshell.cortana.PersonaValuesTest" time="0.0"/>
  <testcase name="the recurrence options are the ruled five" classname="app.tileshell.cortana.PersonaValuesTest" time="0.0"/>
  <system-out><![CDATA[]]></system-out>
  <system-err><![CDATA[]]></system-err>
</testsuite>
