<?xml version="1.0" encoding="UTF-8"?>
<testsuite name="app.tileshell.start.SkyMotionTest" tests="20" skipped="0" failures="0" errors="0" timestamp="2026-09-24T23:14:37.326Z" hostname="pop-os" time="0.017">
  <properties/>
  <testcase name="the bow draws itself in and then stays whole" classname="app.tileshell.start.SkyMotionTest" time="0.001"/>
  <testcase name="the bow fades in, holds and fades out inside one cycle" classname="app.tileshell.start.SkyMotionTest" time="0.0"/>
  <testcase name="an offset starts the loop part way in, and wraps like the rest" classname="app.tileshell.start.SkyMotionTest" time="0.0"/>
  <testcase name="particles do not fall in step" classname="app.tileshell.start.SkyMotionTest" time="0.0"/>
  <testcase name="a particle never leaves its 0 until 1 travel" classname="app.tileshell.start.SkyMotionTest" time="0.007"/>
  <testcase name="phase runs from 0 to just under 1 and wraps" classname="app.tileshell.start.SkyMotionTest" time="0.0"/>
  <testcase name="scatter is a fraction, stable, and different per index and per salt" classname="app.tileshell.start.SkyMotionTest" time="0.0"/>
  <testcase name="scatter spreads over the whole width, not one corner of it" classname="app.tileshell.start.SkyMotionTest" time="0.001"/>
  <testcase name="a negative elapsed time never lights the tile" classname="app.tileshell.start.SkyMotionTest" time="0.0"/>
  <testcase name="heavier weather falls faster, and a period is never zero" classname="app.tileshell.start.SkyMotionTest" time="0.001"/>
  <testcase name="every storm cycle gets exactly one strike, at its own moment" classname="app.tileshell.start.SkyMotionTest" time="0.002"/>
  <testcase name="lightning is an alpha, and it is dark most of the time" classname="app.tileshell.start.SkyMotionTest" time="0.002"/>
  <testcase name="sway stays inside its lane" classname="app.tileshell.start.SkyMotionTest" time="0.002"/>
  <testcase name="the particle count follows the intensity, and never empties the tile" classname="app.tileshell.start.SkyMotionTest" time="0.0"/>
  <testcase name="the particle count follows the tile's own size" classname="app.tileshell.start.SkyMotionTest" time="0.0"/>
  <testcase name="lightning is brightest the moment it strikes" classname="app.tileshell.start.SkyMotionTest" time="0.0"/>
  <testcase name="a zero period never divides by zero" classname="app.tileshell.start.SkyMotionTest" time="0.0"/>
  <testcase name="phase stays inside 0 until 1 across many periods" classname="app.tileshell.start.SkyMotionTest" time="0.001"/>
  <testcase name="the bow's alpha is an alpha the whole way round" classname="app.tileshell.start.SkyMotionTest" time="0.0"/>
  <testcase name="triangle rises to one at the middle and returns" classname="app.tileshell.start.SkyMotionTest" time="0.0"/>
  <system-out><![CDATA[]]></system-out>
  <system-err><![CDATA[]]></system-err>
</testsuite>
