<?xml version="1.0" encoding="UTF-8"?>
<testsuite name="app.tileshell.weather.SkyRulesTest" tests="14" skipped="0" failures="0" errors="0" timestamp="2026-09-24T23:14:37.444Z" hostname="pop-os" time="0.002">
  <properties/>
  <testcase name="no recent rain, no rainbow" classname="app.tileshell.weather.SkyRulesTest" time="0.001"/>
  <testcase name="rain exactly at the edge of the window still counts" classname="app.tileshell.weather.SkyRulesTest" time="0.0"/>
  <testcase name="light is lighter than moderate is lighter than heavy" classname="app.tileshell.weather.SkyRulesTest" time="0.001"/>
  <testcase name="a sun shower is a rainbow on its own - the drops are in the air now" classname="app.tileshell.weather.SkyRulesTest" time="0.0"/>
  <testcase name="the rainbow overrides whatever the code would have drawn" classname="app.tileshell.weather.SkyRulesTest" time="0.0"/>
  <testcase name="intensity is a fraction for every code" classname="app.tileshell.weather.SkyRulesTest" time="0.0"/>
  <testcase name="an unknown code falls through to the same scene its group falls through to" classname="app.tileshell.weather.SkyRulesTest" time="0.0"/>
  <testcase name="a forecast of rain later today is not a rainbow now" classname="app.tileshell.weather.SkyRulesTest" time="0.0"/>
  <testcase name="sun out after a shower makes a rainbow" classname="app.tileshell.weather.SkyRulesTest" time="0.0"/>
  <testcase name="of carries the scene, the light and the intensity of the report" classname="app.tileshell.weather.SkyRulesTest" time="0.0"/>
  <testcase name="no sun, no rainbow" classname="app.tileshell.weather.SkyRulesTest" time="0.0"/>
  <testcase name="the eight conditions Jeremy named are all reachable" classname="app.tileshell.weather.SkyRulesTest" time="0.0"/>
  <testcase name="a clear sky has nothing in it and overcast is nearly solid" classname="app.tileshell.weather.SkyRulesTest" time="0.0"/>
  <testcase name="every WMO code the provider can return has a scene" classname="app.tileshell.weather.SkyRulesTest" time="0.0"/>
  <system-out><![CDATA[]]></system-out>
  <system-err><![CDATA[]]></system-err>
</testsuite>
