<?xml version="1.0" encoding="UTF-8"?>
<testsuite name="app.tileshell.tiles.api.SecondaryTileRulesTest" tests="9" skipped="0" failures="0" errors="0" timestamp="2026-09-24T19:44:47.193Z" hostname="pop-os" time="0.004">
  <properties/>
  <testcase name="tileIdIsRequiredAndBounded" classname="app.tileshell.tiles.api.SecondaryTileRulesTest" time="0.001"/>
  <testcase name="showNameMustBeABoolean" classname="app.tileshell.tiles.api.SecondaryTileRulesTest" time="0.0"/>
  <testcase name="logoRejectionNamesNoOtherPackage" classname="app.tileshell.tiles.api.SecondaryTileRulesTest" time="0.002"/>
  <testcase name="tileIdCannotCarryASeparatorOrATraversal" classname="app.tileshell.tiles.api.SecondaryTileRulesTest" time="0.0"/>
  <testcase name="argumentsDefaultToEmptyAndAreBounded" classname="app.tileshell.tiles.api.SecondaryTileRulesTest" time="0.0"/>
  <testcase name="logoUriRules" classname="app.tileshell.tiles.api.SecondaryTileRulesTest" time="0.0"/>
  <testcase name="displayNameIsRequiredTrimmedAndBounded" classname="app.tileshell.tiles.api.SecondaryTileRulesTest" time="0.0"/>
  <testcase name="minimalRequestCreate" classname="app.tileshell.tiles.api.SecondaryTileRulesTest" time="0.0"/>
  <testcase name="everySizeMapsAndAnythingElseIsRejected" classname="app.tileshell.tiles.api.SecondaryTileRulesTest" time="0.0"/>
  <system-out><![CDATA[]]></system-out>
  <system-err><![CDATA[]]></system-err>
</testsuite>
