<?xml version="1.0" encoding="UTF-8"?>
<testsuite name="app.tileshell.cortana.ui.RemindersLayoutTest" tests="19" skipped="0" failures="0" errors="0" timestamp="2026-09-24T23:14:36.352Z" hostname="pop-os" time="0.004">
  <properties/>
  <testcase name="content height clears the last row" classname="app.tileshell.cortana.ui.RemindersLayoutTest" time="0.001"/>
  <testcase name="a group with no reminder is absent" classname="app.tileshell.cortana.ui.RemindersLayoutTest" time="0.001"/>
  <testcase name="the captured frame's rows land where R7 measured them" classname="app.tileshell.cortana.ui.RemindersLayoutTest" time="0.0"/>
  <testcase name="the photo and its time line land where R7 measured them" classname="app.tileshell.cortana.ui.RemindersLayoutTest" time="0.0"/>
  <testcase name="the photo box reproduces R7 §3_5_5" classname="app.tileshell.cortana.ui.RemindersLayoutTest" time="0.0"/>
  <testcase name="a narrower canvas keeps the photo's measured aspect and margins" classname="app.tileshell.cortana.ui.RemindersLayoutTest" time="0.0"/>
  <testcase name="row heights are the table R7 gives, plus the one derived from its anchors" classname="app.tileshell.cortana.ui.RemindersLayoutTest" time="0.0"/>
  <testcase name="reminders inside a group are soonest first" classname="app.tileshell.cortana.ui.RemindersLayoutTest" time="0.0"/>
  <testcase name="the bottom edge tracks the touch even high on the screen" classname="app.tileshell.cortana.ui.RemindersLayoutTest" time="0.001"/>
  <testcase name="the menu clamps at the left edge" classname="app.tileshell.cortana.ui.RemindersLayoutTest" time="0.0"/>
  <testcase name="reminders fall into Today, Coming up and Whenever" classname="app.tileshell.cortana.ui.RemindersLayoutTest" time="0.0"/>
  <testcase name="a reminder due exactly at the end of today is still Today" classname="app.tileshell.cortana.ui.RemindersLayoutTest" time="0.0"/>
  <testcase name="the menu clamps at the right edge" classname="app.tileshell.cortana.ui.RemindersLayoutTest" time="0.0"/>
  <testcase name="the menu centres on the touch with its bottom 23_5 epx above it" classname="app.tileshell.cortana.ui.RemindersLayoutTest" time="0.0"/>
  <testcase name="an empty list groups to nothing at all" classname="app.tileshell.cortana.ui.RemindersLayoutTest" time="0.0"/>
  <testcase name="the captured frame's group headers land where R7 measured them" classname="app.tileshell.cortana.ui.RemindersLayoutTest" time="0.0"/>
  <testcase name="a canvas narrower than the menu pins it to the left edge" classname="app.tileshell.cortana.ui.RemindersLayoutTest" time="0.0"/>
  <testcase name="a completed reminder leaves the list" classname="app.tileshell.cortana.ui.RemindersLayoutTest" time="0.0"/>
  <testcase name="place and person reminders list under Whenever" classname="app.tileshell.cortana.ui.RemindersLayoutTest" time="0.001"/>
  <system-out><![CDATA[]]></system-out>
  <system-err><![CDATA[]]></system-err>
</testsuite>
