<?xml version="1.0" encoding="UTF-8"?>
<testsuite name="app.tileshell.tiles.api.RateLimiterTest" tests="5" skipped="0" failures="0" errors="0" timestamp="2026-09-24T23:14:37.365Z" hostname="pop-os" time="0.001">
  <properties/>
  <testcase name="callersAreIsolated" classname="app.tileshell.tiles.api.RateLimiterTest" time="0.0"/>
  <testcase name="retryAfterReportsWhenTheOldestCallAgesOut" classname="app.tileshell.tiles.api.RateLimiterTest" time="0.0"/>
  <testcase name="windowSlidesAndRejectionsDoNotConsumeBudget" classname="app.tileshell.tiles.api.RateLimiterTest" time="0.0"/>
  <testcase name="sixtyPerMinuteThenRate" classname="app.tileshell.tiles.api.RateLimiterTest" time="0.0"/>
  <testcase name="forgetResetsACaller" classname="app.tileshell.tiles.api.RateLimiterTest" time="0.0"/>
  <system-out><![CDATA[]]></system-out>
  <system-err><![CDATA[]]></system-err>
</testsuite>
