<?xml version="1.0" encoding="UTF-8"?>
<testsuite name="app.tileshell.ime.engine.LexiconTest" tests="7" skipped="0" failures="0" errors="0" timestamp="2026-09-24T23:14:36.385Z" hostname="pop-os" time="0.344">
  <properties/>
  <testcase name="apostrophes are part of the word" classname="app.tileshell.ime.engine.LexiconTest" time="0.005"/>
  <testcase name="blank lines, comments and malformed lines are skipped" classname="app.tileshell.ime.engine.LexiconTest" time="0.007"/>
  <testcase name="rank is the line order, commonest first" classname="app.tileshell.ime.engine.LexiconTest" time="0.0"/>
  <testcase name="150k lines load in under 300 ms, and the swipe index builds on them" classname="app.tileshell.ime.engine.LexiconTest" time="0.329"/>
  <testcase name="an unknown word has no rank and no spelling" classname="app.tileshell.ime.engine.LexiconTest" time="0.0"/>
  <testcase name="a second casing of the same word keeps the first rank and notes the lowercase form" classname="app.tileshell.ime.engine.LexiconTest" time="0.003"/>
  <testcase name="lookup ignores case but the source casing is what comes back" classname="app.tileshell.ime.engine.LexiconTest" time="0.0"/>
  <system-out><![CDATA[TIMING load 150k lines: cold 68 ms, warm 55 ms; swipe index 140 ms
]]></system-out>
  <system-err><![CDATA[]]></system-err>
</testsuite>
