<?xml version="1.0" encoding="UTF-8"?>
<testsuite name="app.tileshell.music.MusicCollectionTest" tests="15" skipped="0" failures="0" errors="0" timestamp="2026-09-24T19:44:47.115Z" hostname="pop-os" time="0.005">
  <properties/>
  <testcase name="opening an artist gives every track they have" classname="app.tileshell.music.MusicCollectionTest" time="0.002"/>
  <testcase name="rows carry keys that are unique, because a LazyColumn key that repeats crashes it" classname="app.tileshell.music.MusicCollectionTest" time="0.001"/>
  <testcase name="an empty library gives every music pivot an empty page rather than a crash" classname="app.tileshell.music.MusicCollectionTest" time="0.0"/>
  <testcase name="opening an album gives its own tracks, in album order" classname="app.tileshell.music.MusicCollectionTest" time="0.0"/>
  <testcase name="a jump target on the playlists pivot still lands on its own header" classname="app.tileshell.music.MusicCollectionTest" time="0.001"/>
  <testcase name="playlists are listed A-Z under their letters, below that row" classname="app.tileshell.music.MusicCollectionTest" time="0.0"/>
  <testcase name="every letter is a cell, and the empty ones have nowhere to go" classname="app.tileshell.music.MusicCollectionTest" time="0.0"/>
  <testcase name="the songs pivot lists every track, A-Z, under its own letter" classname="app.tileshell.music.MusicCollectionTest" time="0.0"/>
  <testcase name="tapping a song starts the pivot it was tapped in, from that song" classname="app.tileshell.music.MusicCollectionTest" time="0.001"/>
  <testcase name="the playlists pivot always offers the row that makes one, even with none" classname="app.tileshell.music.MusicCollectionTest" time="0.0"/>
  <testcase name="the albums pivot lists each album once" classname="app.tileshell.music.MusicCollectionTest" time="0.0"/>
  <testcase name="a track that is not in the queue starts at the beginning rather than at minus one" classname="app.tileshell.music.MusicCollectionTest" time="0.0"/>
  <testcase name="a jump target is the index of its own header, taken as the header is appended" classname="app.tileshell.music.MusicCollectionTest" time="0.0"/>
  <testcase name="the artists pivot lists each artist once, with their track counts" classname="app.tileshell.music.MusicCollectionTest" time="0.0"/>
  <testcase name="the albums pivot queues album by album, not title by title" classname="app.tileshell.music.MusicCollectionTest" time="0.0"/>
  <system-out><![CDATA[]]></system-out>
  <system-err><![CDATA[]]></system-err>
</testsuite>
