<?xml version="1.0" encoding="UTF-8"?>
<testsuite name="app.tileshell.ime.engine.UserDictionaryTest" tests="11" skipped="0" failures="0" errors="0" timestamp="2026-09-24T23:14:37.274Z" hostname="pop-os" time="0.001">
  <properties/>
  <testcase name="every change is saved, and a no-op removal is not" classname="app.tileshell.ime.engine.UserDictionaryTest" time="0.001"/>
  <testcase name="a word is learned on its second commit, not its first" classname="app.tileshell.ime.engine.UserDictionaryTest" time="0.0"/>
  <testcase name="URL, email and no-suggestions fields do learn" classname="app.tileshell.ime.engine.UserDictionaryTest" time="0.0"/>
  <testcase name="plus word learns at once" classname="app.tileshell.ime.engine.UserDictionaryTest" time="0.0"/>
  <testcase name="minus word on a half-learned word clears its count" classname="app.tileshell.ime.engine.UserDictionaryTest" time="0.0"/>
  <testcase name="an unknown format version or an empty store starts empty rather than guessing" classname="app.tileshell.ime.engine.UserDictionaryTest" time="0.0"/>
  <testcase name="the file is versioned and human-readable" classname="app.tileshell.ime.engine.UserDictionaryTest" time="0.0"/>
  <testcase name="a dictionary word is never learned, and neither is a non-word token" classname="app.tileshell.ime.engine.UserDictionaryTest" time="0.0"/>
  <testcase name="commits in a password field never count" classname="app.tileshell.ime.engine.UserDictionaryTest" time="0.0"/>
  <testcase name="minus word forgets it, and it needs two fresh commits to come back" classname="app.tileshell.ime.engine.UserDictionaryTest" time="0.0"/>
  <testcase name="learned words and pending counts survive a reload" classname="app.tileshell.ime.engine.UserDictionaryTest" time="0.0"/>
  <system-out><![CDATA[]]></system-out>
  <system-err><![CDATA[]]></system-err>
</testsuite>
