<?xml version="1.0" encoding="UTF-8"?>
<testsuite name="app.tileshell.music.PlaylistRulesTest" tests="21" skipped="0" failures="0" errors="0" timestamp="2026-09-24T23:14:37.294Z" hostname="pop-os" time="0.003">
  <properties/>
  <testcase name="a blank rename is ignored rather than obeyed" classname="app.tileshell.music.PlaylistRulesTest" time="0.0"/>
  <testcase name="delete removes exactly one" classname="app.tileshell.music.PlaylistRulesTest" time="0.0"/>
  <testcase name="the tracks come back in the playlist's order, not the library's" classname="app.tileshell.music.PlaylistRulesTest" time="0.0"/>
  <testcase name="moving past an end clamps rather than refusing" classname="app.tileshell.music.PlaylistRulesTest" time="0.0"/>
  <testcase name="the same track may be added twice, because someone who does that meant to" classname="app.tileshell.music.PlaylistRulesTest" time="0.0"/>
  <testcase name="remove takes the POSITION that was held, not every copy of that track" classname="app.tileshell.music.PlaylistRulesTest" time="0.0"/>
  <testcase name="playlists are listed A-Z, ignoring case" classname="app.tileshell.music.PlaylistRulesTest" time="0.0"/>
  <testcase name="a duplicated track is drawn as many times as it was added" classname="app.tileshell.music.PlaylistRulesTest" time="0.0"/>
  <testcase name="size is what the row shows, including duplicates and tracks the library has lost" classname="app.tileshell.music.PlaylistRulesTest" time="0.0"/>
  <testcase name="a new playlist starts empty and keeps the name it was given" classname="app.tileshell.music.PlaylistRulesTest" time="0.0"/>
  <testcase name="renaming something that is not there changes nothing" classname="app.tileshell.music.PlaylistRulesTest" time="0.0"/>
  <testcase name="and the next unnamed one does not get the SAME default name" classname="app.tileshell.music.PlaylistRulesTest" time="0.001"/>
  <testcase name="two playlists MAY share a name, because the id is the identity" classname="app.tileshell.music.PlaylistRulesTest" time="0.0"/>
  <testcase name="rename changes only the one it names" classname="app.tileshell.music.PlaylistRulesTest" time="0.0"/>
  <testcase name="removing a position that is not there changes nothing" classname="app.tileshell.music.PlaylistRulesTest" time="0.0"/>
  <testcase name="a move across the list keeps every track, in the new order" classname="app.tileshell.music.PlaylistRulesTest" time="0.0"/>
  <testcase name="an id the library does not have is SKIPPED when drawn, and still kept in the playlist" classname="app.tileshell.music.PlaylistRulesTest" time="0.001"/>
  <testcase name="a track is appended, because a playlist is the order someone built" classname="app.tileshell.music.PlaylistRulesTest" time="0.0"/>
  <testcase name="an unnamed playlist gets the default name" classname="app.tileshell.music.PlaylistRulesTest" time="0.0"/>
  <testcase name="move up and move down are the same rule run either way" classname="app.tileshell.music.PlaylistRulesTest" time="0.0"/>
  <testcase name="an id is unique even when the clock hands out the same millisecond twice" classname="app.tileshell.music.PlaylistRulesTest" time="0.001"/>
  <system-out><![CDATA[]]></system-out>
  <system-err><![CDATA[]]></system-err>
</testsuite>
