<?xml version="1.0" encoding="UTF-8"?>
<testsuite name="app.tileshell.ui.motion.FlipScaleTest" tests="4" skipped="0" failures="0" errors="0" timestamp="2026-09-24T19:44:47.257Z" hostname="pop-os" time="0.001">
  <properties/>
  <testcase name="it is fastest as the face passes edge-on" classname="app.tileshell.ui.motion.FlipScaleTest" time="0.0"/>
  <testcase name="it never leaves the tile inside out or oversized" classname="app.tileshell.ui.motion.FlipScaleTest" time="0.001"/>
  <testcase name="it leaves and returns to rest gently, which the linear squash did not" classname="app.tileshell.ui.motion.FlipScaleTest" time="0.0"/>
  <testcase name="the tile is whole at both ends and edge-on in the middle" classname="app.tileshell.ui.motion.FlipScaleTest" time="0.0"/>
  <system-out><![CDATA[]]></system-out>
  <system-err><![CDATA[]]></system-err>
</testsuite>
