<?xml version="1.0" encoding="UTF-8"?>
<testsuite name="app.tileshell.cortana.speech.IdleReleaseTimerTest" tests="8" skipped="0" failures="0" errors="0" timestamp="2026-09-24T19:44:46.135Z" hostname="pop-os" time="0.001">
  <properties/>
  <testcase name="a custom window is honoured, so the rule is the timer's and not the caller's" classname="app.tileshell.cortana.speech.IdleReleaseTimerTest" time="0.0"/>
  <testcase name="a fresh timer holds nothing, so it cannot release something it never loaded" classname="app.tileshell.cortana.speech.IdleReleaseTimerTest" time="0.0"/>
  <testcase name="the countdown is what status reports and it never goes negative" classname="app.tileshell.cortana.speech.IdleReleaseTimerTest" time="0.0"/>
  <testcase name="a bound client never releases, however long it stays bound" classname="app.tileshell.cortana.speech.IdleReleaseTimerTest" time="0.0"/>
  <testcase name="five minutes is the phase's number" classname="app.tileshell.cortana.speech.IdleReleaseTimerTest" time="0.0"/>
  <testcase name="release happens at five minutes, not before" classname="app.tileshell.cortana.speech.IdleReleaseTimerTest" time="0.0"/>
  <testcase name="unbinding again restarts the countdown from the later unbind" classname="app.tileshell.cortana.speech.IdleReleaseTimerTest" time="0.0"/>
  <testcase name="a client that re-binds inside the window cancels the release" classname="app.tileshell.cortana.speech.IdleReleaseTimerTest" time="0.0"/>
  <system-out><![CDATA[]]></system-out>
  <system-err><![CDATA[]]></system-err>
</testsuite>
